# JRE version: Java(TM) SE Runtime Environment (8.0_92-b14) (build 1.8.0_92-b14)
# Java VM: Java HotSpot(TM) 64-Bit Server VM (25.92-b14 mixed mode windows-amd64 compressed oops)
Heap:
 PSYoungGen      total 178176K, used 22664K [0x00000000eab00000, 0x00000000f6e00000, 0x0000000100000000)
  eden space 164864K, 5% used [0x00000000eab00000,0x00000000eb462c20,0x00000000f4c00000)
  from space 13312K, 98% used [0x00000000f6100000,0x00000000f6dbf488,0x00000000f6e00000)
  to   space 16896K, 0% used [0x00000000f4d00000,0x00000000f4d00000,0x00000000f5d80000)
 ParOldGen       total 126464K, used 19875K [0x00000000c0000000, 0x00000000c7b80000, 0x00000000eab00000)
  object space 126464K, 15% used [0x00000000c0000000,0x00000000c1368ee0,0x00000000c7b80000)
 Metaspace       used 42062K, capacity 43012K, committed 43264K, reserved 1087488K
  class space    used 5831K, capacity 6078K, committed 6144K, reserved 1048576K
GC Heap History (10 events):
Event: 8.847 GC heap before
{Heap before GC invocations=6 (full 1):
 PSYoungGen      total 79360K, used 79011K [0x00000000eab00000, 0x00000000f1880000, 0x0000000100000000)
  eden space 73728K, 100% used [0x00000000eab00000,0x00000000ef300000,0x00000000ef300000)
  from space 5632K, 93% used [0x00000000f1300000,0x00000000f1828db0,0x00000000f1880000)
  to   space 8192K, 0% used [0x00000000f0880000,0x00000000f0880000,0x00000000f1080000)
 ParOldGen       total 88064K, used 9625K [0x00000000c0000000, 0x00000000c5600000, 0x00000000eab00000)
  object space 88064K, 10% used [0x00000000c0000000,0x00000000c0966400,0x00000000c5600000)
 Metaspace       used 28297K, capacity 28712K, committed 28800K, reserved 1075200K
  class space    used 3811K, capacity 3954K, committed 3968K, reserved 1048576K
Event: 8.855 GC heap after
Heap after GC invocations=6 (full 1):
 PSYoungGen      total 103936K, used 6352K [0x00000000eab00000, 0x00000000f2a80000, 0x0000000100000000)
  eden space 95744K, 0% used [0x00000000eab00000,0x00000000eab00000,0x00000000f0880000)
  from space 8192K, 77% used [0x00000000f0880000,0x00000000f0eb4010,0x00000000f1080000)
  to   space 12288K, 0% used [0x00000000f1e80000,0x00000000f1e80000,0x00000000f2a80000)
 ParOldGen       total 88064K, used 9705K [0x00000000c0000000, 0x00000000c5600000, 0x00000000eab00000)
  object space 88064K, 11% used [0x00000000c0000000,0x00000000c097a410,0x00000000c5600000)
 Metaspace       used 28297K, capacity 28712K, committed 28800K, reserved 1075200K
  class space    used 3811K, capacity 3954K, committed 3968K, reserved 1048576K
}
Event: 9.789 GC heap before
{Heap before GC invocations=7 (full 1):
 PSYoungGen      total 103936K, used 102096K [0x00000000eab00000, 0x00000000f2a80000, 0x0000000100000000)
  eden space 95744K, 100% used [0x00000000eab00000,0x00000000f0880000,0x00000000f0880000)
  from space 8192K, 77% used [0x00000000f0880000,0x00000000f0eb4010,0x00000000f1080000)
  to   space 12288K, 0% used [0x00000000f1e80000,0x00000000f1e80000,0x00000000f2a80000)
 ParOldGen       total 88064K, used 9705K [0x00000000c0000000, 0x00000000c5600000, 0x00000000eab00000)
  object space 88064K, 11% used [0x00000000c0000000,0x00000000c097a410,0x00000000c5600000)
 Metaspace       used 33263K, capacity 33906K, committed 34176K, reserved 1079296K
  class space    used 4478K, capacity 4676K, committed 4736K, reserved 1048576K
Event: 9.805 GC heap after
Heap after GC invocations=7 (full 1):
 PSYoungGen      total 115712K, used 12267K [0x00000000eab00000, 0x00000000f5300000, 0x0000000100000000)
  eden space 103424K, 0% used [0x00000000eab00000,0x00000000eab00000,0x00000000f1000000)
  from space 12288K, 99% used [0x00000000f1e80000,0x00000000f2a7ae90,0x00000000f2a80000)
  to   space 14848K, 0% used [0x00000000f1000000,0x00000000f1000000,0x00000000f1e80000)
 ParOldGen       total 88064K, used 11086K [0x00000000c0000000, 0x00000000c5600000, 0x00000000eab00000)
  object space 88064K, 12% used [0x00000000c0000000,0x00000000c0ad3a88,0x00000000c5600000)
 Metaspace       used 33263K, capacity 33906K, committed 34176K, reserved 1079296K
  class space    used 4478K, capacity 4676K, committed 4736K, reserved 1048576K
}
Event: 9.958 GC heap before
{Heap before GC invocations=8 (full 1):
 PSYoungGen      total 115712K, used 29665K [0x00000000eab00000, 0x00000000f5300000, 0x0000000100000000)
  eden space 103424K, 16% used [0x00000000eab00000,0x00000000ebbfd5c8,0x00000000f1000000)
  from space 12288K, 99% used [0x00000000f1e80000,0x00000000f2a7ae90,0x00000000f2a80000)
  to   space 14848K, 0% used [0x00000000f1000000,0x00000000f1000000,0x00000000f1e80000)
 ParOldGen       total 88064K, used 11086K [0x00000000c0000000, 0x00000000c5600000, 0x00000000eab00000)
  object space 88064K, 12% used [0x00000000c0000000,0x00000000c0ad3a88,0x00000000c5600000)
 Metaspace       used 34610K, capacity 35284K, committed 35456K, reserved 1079296K
  class space    used 4690K, capacity 4902K, committed 4992K, reserved 1048576K
Event: 9.966 GC heap after
Heap after GC invocations=8 (full 1):
 PSYoungGen      total 118272K, used 12066K [0x00000000eab00000, 0x00000000f7080000, 0x0000000100000000)
  eden space 103424K, 0% used [0x00000000eab00000,0x00000000eab00000,0x00000000f1000000)
  from space 14848K, 81% used [0x00000000f1000000,0x00000000f1bc89d8,0x00000000f1e80000)
  to   space 15872K, 0% used [0x00000000f6100000,0x00000000f6100000,0x00000000f7080000)
 ParOldGen       total 88064K, used 11094K [0x00000000c0000000, 0x00000000c5600000, 0x00000000eab00000)
  object space 88064K, 12% used [0x00000000c0000000,0x00000000c0ad5a88,0x00000000c5600000)
 Metaspace       used 34610K, capacity 35284K, committed 35456K, reserved 1079296K
  class space    used 4690K, capacity 4902K, committed 4992K, reserved 1048576K
}
Event: 9.966 GC heap before
{Heap before GC invocations=9 (full 2):
 PSYoungGen      total 118272K, used 12066K [0x00000000eab00000, 0x00000000f7080000, 0x0000000100000000)
  eden space 103424K, 0% used [0x00000000eab00000,0x00000000eab00000,0x00000000f1000000)
  from space 14848K, 81% used [0x00000000f1000000,0x00000000f1bc89d8,0x00000000f1e80000)
  to   space 15872K, 0% used [0x00000000f6100000,0x00000000f6100000,0x00000000f7080000)
 ParOldGen       total 88064K, used 11094K [0x00000000c0000000, 0x00000000c5600000, 0x00000000eab00000)
  object space 88064K, 12% used [0x00000000c0000000,0x00000000c0ad5a88,0x00000000c5600000)
 Metaspace       used 34610K, capacity 35284K, committed 35456K, reserved 1079296K
  class space    used 4690K, capacity 4902K, committed 4992K, reserved 1048576K
Event: 10.057 GC heap after
Heap after GC invocations=9 (full 2):
 PSYoungGen      total 118272K, used 0K [0x00000000eab00000, 0x00000000f7080000, 0x0000000100000000)
  eden space 103424K, 0% used [0x00000000eab00000,0x00000000eab00000,0x00000000f1000000)
  from space 14848K, 0% used [0x00000000f1000000,0x00000000f1000000,0x00000000f1e80000)
  to   space 15872K, 0% used [0x00000000f6100000,0x00000000f6100000,0x00000000f7080000)
 ParOldGen       total 126464K, used 19867K [0x00000000c0000000, 0x00000000c7b80000, 0x00000000eab00000)
  object space 126464K, 15% used [0x00000000c0000000,0x00000000c1366ee0,0x00000000c7b80000)
 Metaspace       used 34610K, capacity 35284K, committed 35456K, reserved 1079296K
  class space    used 4690K, capacity 4902K, committed 4992K, reserved 1048576K
}
Event: 11.589 GC heap before
{Heap before GC invocations=10 (full 2):
 PSYoungGen      total 118272K, used 103424K [0x00000000eab00000, 0x00000000f7080000, 0x0000000100000000)
  eden space 103424K, 100% used [0x00000000eab00000,0x00000000f1000000,0x00000000f1000000)
  from space 14848K, 0% used [0x00000000f1000000,0x00000000f1000000,0x00000000f1e80000)
  to   space 15872K, 0% used [0x00000000f6100000,0x00000000f6100000,0x00000000f7080000)
 ParOldGen       total 126464K, used 19867K [0x00000000c0000000, 0x00000000c7b80000, 0x00000000eab00000)
  object space 126464K, 15% used [0x00000000c0000000,0x00000000c1366ee0,0x00000000c7b80000)
 Metaspace       used 41837K, capacity 42628K, committed 42880K, reserved 1085440K
  class space    used 5792K, capacity 6014K, committed 6016K, reserved 1048576K
Event: 11.606 GC heap after
Heap after GC invocations=10 (full 2):
 PSYoungGen      total 178176K, used 13053K [0x00000000eab00000, 0x00000000f6e00000, 0x0000000100000000)
  eden space 164864K, 0% used [0x00000000eab00000,0x00000000eab00000,0x00000000f4c00000)
  from space 13312K, 98% used [0x00000000f6100000,0x00000000f6dbf488,0x00000000f6e00000)
  to   space 16896K, 0% used [0x00000000f4d00000,0x00000000f4d00000,0x00000000f5d80000)
 ParOldGen       total 126464K, used 19875K [0x00000000c0000000, 0x00000000c7b80000, 0x00000000eab00000)
  object space 126464K, 15% used [0x00000000c0000000,0x00000000c1368ee0,0x00000000c7b80000)
 Metaspace       used 41837K, capacity 42628K, committed 42880K, reserved 1085440K
  class space    used 5792K, capacity 6014K, committed 6016K, reserved 1048576K
}

