# JRE version: Java(TM) SE Runtime Environment (8.0_92-b14) (build 1.8.0_92-b14)
# Java VM: Java HotSpot(TM) 64-Bit Server VM (25.92-b14 mixed mode windows-amd64 compressed oops)
Heap:
 PSYoungGen      total 304128K, used 12956K [0x00000000eab00000, 0x00000000ffa00000, 0x0000000100000000)
  eden space 268288K, 0% used [0x00000000eab00000,0x00000000eab00000,0x00000000fb100000)
  from space 35840K, 36% used [0x00000000fd700000,0x00000000fe3a7198,0x00000000ffa00000)
  to   space 37376K, 0% used [0x00000000fb100000,0x00000000fb100000,0x00000000fd580000)
 ParOldGen       total 138240K, used 34319K [0x00000000c0000000, 0x00000000c8700000, 0x00000000eab00000)
  object space 138240K, 24% used [0x00000000c0000000,0x00000000c2183d38,0x00000000c8700000)
 Metaspace       used 56319K, capacity 57792K, committed 58112K, reserved 1099776K
  class space    used 7454K, capacity 7846K, committed 7936K, reserved 1048576K
GC Heap History (10 events):
Event: 29.240 GC heap before
{Heap before GC invocations=14 (full 2):
 PSYoungGen      total 200704K, used 198879K [0x00000000eab00000, 0x00000000fbb80000, 0x0000000100000000)
  eden space 175616K, 100% used [0x00000000eab00000,0x00000000f5680000,0x00000000f5680000)
  from space 25088K, 92% used [0x00000000f5680000,0x00000000f6d37f58,0x00000000f6f00000)
  to   space 27648K, 0% used [0x00000000fa080000,0x00000000fa080000,0x00000000fbb80000)
 ParOldGen       total 138240K, used 33524K [0x00000000c0000000, 0x00000000c8700000, 0x00000000eab00000)
  object space 138240K, 24% used [0x00000000c0000000,0x00000000c20bd3a0,0x00000000c8700000)
 Metaspace       used 47625K, capacity 48588K, committed 48768K, reserved 1091584K
  class space    used 6465K, capacity 6724K, committed 6784K, reserved 1048576K
Event: 29.262 GC heap after
Heap after GC invocations=14 (full 2):
 PSYoungGen      total 248832K, used 24513K [0x00000000eab00000, 0x00000000fbe00000, 0x0000000100000000)
  eden space 221184K, 0% used [0x00000000eab00000,0x00000000eab00000,0x00000000f8300000)
  from space 27648K, 88% used [0x00000000fa080000,0x00000000fb8705d0,0x00000000fbb80000)
  to   space 30208K, 0% used [0x00000000f8300000,0x00000000f8300000,0x00000000fa080000)
 ParOldGen       total 138240K, used 33532K [0x00000000c0000000, 0x00000000c8700000, 0x00000000eab00000)
  object space 138240K, 24% used [0x00000000c0000000,0x00000000c20bf3a0,0x00000000c8700000)
 Metaspace       used 47625K, capacity 48588K, committed 48768K, reserved 1091584K
  class space    used 6465K, capacity 6724K, committed 6784K, reserved 1048576K
}
Event: 34.038 GC heap before
{Heap before GC invocations=15 (full 2):
 PSYoungGen      total 248832K, used 245697K [0x00000000eab00000, 0x00000000fbe00000, 0x0000000100000000)
  eden space 221184K, 100% used [0x00000000eab00000,0x00000000f8300000,0x00000000f8300000)
  from space 27648K, 88% used [0x00000000fa080000,0x00000000fb8705d0,0x00000000fbb80000)
  to   space 30208K, 0% used [0x00000000f8300000,0x00000000f8300000,0x00000000fa080000)
 ParOldGen       total 138240K, used 33532K [0x00000000c0000000, 0x00000000c8700000, 0x00000000eab00000)
  object space 138240K, 24% used [0x00000000c0000000,0x00000000c20bf3a0,0x00000000c8700000)
 Metaspace       used 48780K, capacity 49746K, committed 49920K, reserved 1091584K
  class space    used 6584K, capacity 6853K, committed 6912K, reserved 1048576K
Event: 34.074 GC heap after
Heap after GC invocations=15 (full 2):
 PSYoungGen      total 251392K, used 30199K [0x00000000eab00000, 0x0000000100000000, 0x0000000100000000)
  eden space 221184K, 0% used [0x00000000eab00000,0x00000000eab00000,0x00000000f8300000)
  from space 30208K, 99% used [0x00000000f8300000,0x00000000fa07dec0,0x00000000fa080000)
  to   space 41472K, 0% used [0x00000000fd780000,0x00000000fd780000,0x0000000100000000)
 ParOldGen       total 138240K, used 52384K [0x00000000c0000000, 0x00000000c8700000, 0x00000000eab00000)
  object space 138240K, 37% used [0x00000000c0000000,0x00000000c33281e0,0x00000000c8700000)
 Metaspace       used 48780K, capacity 49746K, committed 49920K, reserved 1091584K
  class space    used 6584K, capacity 6853K, committed 6912K, reserved 1048576K
}
Event: 36.849 GC heap before
{Heap before GC invocations=16 (full 2):
 PSYoungGen      total 251392K, used 90447K [0x00000000eab00000, 0x0000000100000000, 0x0000000100000000)
  eden space 221184K, 27% used [0x00000000eab00000,0x00000000ee5d5ea0,0x00000000f8300000)
  from space 30208K, 99% used [0x00000000f8300000,0x00000000fa07dec0,0x00000000fa080000)
  to   space 41472K, 0% used [0x00000000fd780000,0x00000000fd780000,0x0000000100000000)
 ParOldGen       total 138240K, used 52384K [0x00000000c0000000, 0x00000000c8700000, 0x00000000eab00000)
  object space 138240K, 37% used [0x00000000c0000000,0x00000000c33281e0,0x00000000c8700000)
 Metaspace       used 49150K, capacity 50150K, committed 50432K, reserved 1093632K
  class space    used 6623K, capacity 6867K, committed 6912K, reserved 1048576K
Event: 36.864 GC heap after
Heap after GC invocations=16 (full 2):
 PSYoungGen      total 309760K, used 16498K [0x00000000eab00000, 0x0000000100000000, 0x0000000100000000)
  eden space 268288K, 0% used [0x00000000eab00000,0x00000000eab00000,0x00000000fb100000)
  from space 41472K, 39% used [0x00000000fd780000,0x00000000fe79ca80,0x0000000100000000)
  to   space 39424K, 0% used [0x00000000fb100000,0x00000000fb100000,0x00000000fd780000)
 ParOldGen       total 138240K, used 60420K [0x00000000c0000000, 0x00000000c8700000, 0x00000000eab00000)
  object space 138240K, 43% used [0x00000000c0000000,0x00000000c3b01148,0x00000000c8700000)
 Metaspace       used 49150K, capacity 50150K, committed 50432K, reserved 1093632K
  class space    used 6623K, capacity 6867K, committed 6912K, reserved 1048576K
}
Event: 36.864 GC heap before
{Heap before GC invocations=17 (full 3):
 PSYoungGen      total 309760K, used 16498K [0x00000000eab00000, 0x0000000100000000, 0x0000000100000000)
  eden space 268288K, 0% used [0x00000000eab00000,0x00000000eab00000,0x00000000fb100000)
  from space 41472K, 39% used [0x00000000fd780000,0x00000000fe79ca80,0x0000000100000000)
  to   space 39424K, 0% used [0x00000000fb100000,0x00000000fb100000,0x00000000fd780000)
 ParOldGen       total 138240K, used 60420K [0x00000000c0000000, 0x00000000c8700000, 0x00000000eab00000)
  object space 138240K, 43% used [0x00000000c0000000,0x00000000c3b01148,0x00000000c8700000)
 Metaspace       used 49150K, capacity 50150K, committed 50432K, reserved 1093632K
  class space    used 6623K, capacity 6867K, committed 6912K, reserved 1048576K
Event: 37.102 GC heap after
Heap after GC invocations=17 (full 3):
 PSYoungGen      total 309760K, used 0K [0x00000000eab00000, 0x0000000100000000, 0x0000000100000000)
  eden space 268288K, 0% used [0x00000000eab00000,0x00000000eab00000,0x00000000fb100000)
  from space 41472K, 0% used [0x00000000fd780000,0x00000000fd780000,0x0000000100000000)
  to   space 39424K, 0% used [0x00000000fb100000,0x00000000fb100000,0x00000000fd780000)
 ParOldGen       total 138240K, used 34303K [0x00000000c0000000, 0x00000000c8700000, 0x00000000eab00000)
  object space 138240K, 24% used [0x00000000c0000000,0x00000000c217fd38,0x00000000c8700000)
 Metaspace       used 49150K, capacity 50150K, committed 50432K, reserved 1093632K
  class space    used 6623K, capacity 6867K, committed 6912K, reserved 1048576K
}
Event: 232.121 GC heap before
{Heap before GC invocations=18 (full 3):
 PSYoungGen      total 309760K, used 268288K [0x00000000eab00000, 0x0000000100000000, 0x0000000100000000)
  eden space 268288K, 100% used [0x00000000eab00000,0x00000000fb100000,0x00000000fb100000)
  from space 41472K, 0% used [0x00000000fd780000,0x00000000fd780000,0x0000000100000000)
  to   space 39424K, 0% used [0x00000000fb100000,0x00000000fb100000,0x00000000fd780000)
 ParOldGen       total 138240K, used 34303K [0x00000000c0000000, 0x00000000c8700000, 0x00000000eab00000)
  object space 138240K, 24% used [0x00000000c0000000,0x00000000c217fd38,0x00000000c8700000)
 Metaspace       used 50038K, capacity 51354K, committed 51712K, reserved 1093632K
  class space    used 6723K, capacity 7047K, committed 7168K, reserved 1048576K
Event: 232.136 GC heap after
Heap after GC invocations=18 (full 3):
 PSYoungGen      total 276480K, used 8112K [0x00000000eab00000, 0x00000000ffd00000, 0x0000000100000000)
  eden space 268288K, 0% used [0x00000000eab00000,0x00000000eab00000,0x00000000fb100000)
  from space 8192K, 99% used [0x00000000fb100000,0x00000000fb8ec010,0x00000000fb900000)
  to   space 38912K, 0% used [0x00000000fd700000,0x00000000fd700000,0x00000000ffd00000)
 ParOldGen       total 138240K, used 34311K [0x00000000c0000000, 0x00000000c8700000, 0x00000000eab00000)
  object space 138240K, 24% used [0x00000000c0000000,0x00000000c2181d38,0x00000000c8700000)
 Metaspace       used 50038K, capacity 51354K, committed 51712K, reserved 1093632K
  class space    used 6723K, capacity 7047K, committed 7168K, reserved 1048576K
}

