# JRE version: Java(TM) SE Runtime Environment (8.0_92-b14) (build 1.8.0_92-b14)
# Java VM: Java HotSpot(TM) 64-Bit Server VM (25.92-b14 mixed mode windows-amd64 compressed oops)
Heap:
 PSYoungGen      total 114176K, used 9283K [0x00000000eab00000, 0x00000000f4480000, 0x0000000100000000)
  eden space 100864K, 5% used [0x00000000eab00000,0x00000000eb08a630,0x00000000f0d80000)
  from space 13312K, 27% used [0x00000000f1a00000,0x00000000f1d86858,0x00000000f2700000)
  to   space 12800K, 0% used [0x00000000f0d80000,0x00000000f0d80000,0x00000000f1a00000)
 ParOldGen       total 88064K, used 8416K [0x00000000c0000000, 0x00000000c5600000, 0x00000000eab00000)
  object space 88064K, 9% used [0x00000000c0000000,0x00000000c08381d8,0x00000000c5600000)
 Metaspace       used 22637K, capacity 23042K, committed 23296K, reserved 1069056K
  class space    used 2909K, capacity 3036K, committed 3072K, reserved 1048576K
GC Heap History (10 events):
Event: 2.917 GC heap before
{Heap before GC invocations=3 (full 0):
 PSYoungGen      total 57344K, used 21784K [0x00000000eab00000, 0x00000000eeb00000, 0x0000000100000000)
  eden space 49152K, 27% used [0x00000000eab00000,0x00000000eb8481f8,0x00000000edb00000)
  from space 8192K, 99% used [0x00000000ee300000,0x00000000eeafe1a8,0x00000000eeb00000)
  to   space 8192K, 0% used [0x00000000edb00000,0x00000000edb00000,0x00000000ee300000)
 ParOldGen       total 131072K, used 2748K [0x00000000c0000000, 0x00000000c8000000, 0x00000000eab00000)
  object space 131072K, 2% used [0x00000000c0000000,0x00000000c02af0a8,0x00000000c8000000)
 Metaspace       used 20707K, capacity 21114K, committed 21296K, reserved 1067008K
  class space    used 2729K, capacity 2867K, committed 2944K, reserved 1048576K
Event: 2.924 GC heap after
Heap after GC invocations=3 (full 0):
 PSYoungGen      total 57344K, used 8148K [0x00000000eab00000, 0x00000000f1b00000, 0x0000000100000000)
  eden space 49152K, 0% used [0x00000000eab00000,0x00000000eab00000,0x00000000edb00000)
  from space 8192K, 99% used [0x00000000edb00000,0x00000000ee2f52f8,0x00000000ee300000)
  to   space 8192K, 0% used [0x00000000f1300000,0x00000000f1300000,0x00000000f1b00000)
 ParOldGen       total 131072K, used 2756K [0x00000000c0000000, 0x00000000c8000000, 0x00000000eab00000)
  object space 131072K, 2% used [0x00000000c0000000,0x00000000c02b10a8,0x00000000c8000000)
 Metaspace       used 20707K, capacity 21114K, committed 21296K, reserved 1067008K
  class space    used 2729K, capacity 2867K, committed 2944K, reserved 1048576K
}
Event: 2.924 GC heap before
{Heap before GC invocations=4 (full 1):
 PSYoungGen      total 57344K, used 8148K [0x00000000eab00000, 0x00000000f1b00000, 0x0000000100000000)
  eden space 49152K, 0% used [0x00000000eab00000,0x00000000eab00000,0x00000000edb00000)
  from space 8192K, 99% used [0x00000000edb00000,0x00000000ee2f52f8,0x00000000ee300000)
  to   space 8192K, 0% used [0x00000000f1300000,0x00000000f1300000,0x00000000f1b00000)
 ParOldGen       total 131072K, used 2756K [0x00000000c0000000, 0x00000000c8000000, 0x00000000eab00000)
  object space 131072K, 2% used [0x00000000c0000000,0x00000000c02b10a8,0x00000000c8000000)
 Metaspace       used 20707K, capacity 21114K, committed 21296K, reserved 1067008K
  class space    used 2729K, capacity 2867K, committed 2944K, reserved 1048576K
Event: 2.964 GC heap after
Heap after GC invocations=4 (full 1):
 PSYoungGen      total 57344K, used 0K [0x00000000eab00000, 0x00000000f1b00000, 0x0000000100000000)
  eden space 49152K, 0% used [0x00000000eab00000,0x00000000eab00000,0x00000000edb00000)
  from space 8192K, 0% used [0x00000000edb00000,0x00000000edb00000,0x00000000ee300000)
  to   space 8192K, 0% used [0x00000000f1300000,0x00000000f1300000,0x00000000f1b00000)
 ParOldGen       total 88064K, used 8400K [0x00000000c0000000, 0x00000000c5600000, 0x00000000eab00000)
  object space 88064K, 9% used [0x00000000c0000000,0x00000000c08341d8,0x00000000c5600000)
 Metaspace       used 20707K, capacity 21114K, committed 21296K, reserved 1067008K
  class space    used 2729K, capacity 2867K, committed 2944K, reserved 1048576K
}
Event: 3.252 GC heap before
{Heap before GC invocations=5 (full 1):
 PSYoungGen      total 57344K, used 49152K [0x00000000eab00000, 0x00000000f1b00000, 0x0000000100000000)
  eden space 49152K, 100% used [0x00000000eab00000,0x00000000edb00000,0x00000000edb00000)
  from space 8192K, 0% used [0x00000000edb00000,0x00000000edb00000,0x00000000ee300000)
  to   space 8192K, 0% used [0x00000000f1300000,0x00000000f1300000,0x00000000f1b00000)
 ParOldGen       total 88064K, used 8400K [0x00000000c0000000, 0x00000000c5600000, 0x00000000eab00000)
  object space 88064K, 9% used [0x00000000c0000000,0x00000000c08341d8,0x00000000c5600000)
 Metaspace       used 21232K, capacity 21632K, committed 21888K, reserved 1069056K
  class space    used 2777K, capacity 2932K, committed 2944K, reserved 1048576K
Event: 3.254 GC heap after
Heap after GC invocations=5 (full 1):
 PSYoungGen      total 71680K, used 1543K [0x00000000eab00000, 0x00000000f1500000, 0x0000000100000000)
  eden space 69632K, 0% used [0x00000000eab00000,0x00000000eab00000,0x00000000eef00000)
  from space 2048K, 75% used [0x00000000f1300000,0x00000000f1481ce0,0x00000000f1500000)
  to   space 8192K, 0% used [0x00000000f0500000,0x00000000f0500000,0x00000000f0d00000)
 ParOldGen       total 88064K, used 8408K [0x00000000c0000000, 0x00000000c5600000, 0x00000000eab00000)
  object space 88064K, 9% used [0x00000000c0000000,0x00000000c08361d8,0x00000000c5600000)
 Metaspace       used 21232K, capacity 21632K, committed 21888K, reserved 1069056K
  class space    used 2777K, capacity 2932K, committed 2944K, reserved 1048576K
}
Event: 3.503 GC heap before
{Heap before GC invocations=6 (full 1):
 PSYoungGen      total 71680K, used 71175K [0x00000000eab00000, 0x00000000f1500000, 0x0000000100000000)
  eden space 69632K, 100% used [0x00000000eab00000,0x00000000eef00000,0x00000000eef00000)
  from space 2048K, 75% used [0x00000000f1300000,0x00000000f1481ce0,0x00000000f1500000)
  to   space 8192K, 0% used [0x00000000f0500000,0x00000000f0500000,0x00000000f0d00000)
 ParOldGen       total 88064K, used 8408K [0x00000000c0000000, 0x00000000c5600000, 0x00000000eab00000)
  object space 88064K, 9% used [0x00000000c0000000,0x00000000c08361d8,0x00000000c5600000)
 Metaspace       used 21276K, capacity 21696K, committed 21888K, reserved 1069056K
  class space    used 2777K, capacity 2932K, committed 2944K, reserved 1048576K
Event: 3.506 GC heap after
Heap after GC invocations=6 (full 1):
 PSYoungGen      total 100352K, used 1904K [0x00000000eab00000, 0x00000000f2700000, 0x0000000100000000)
  eden space 92160K, 0% used [0x00000000eab00000,0x00000000eab00000,0x00000000f0500000)
  from space 8192K, 23% used [0x00000000f0500000,0x00000000f06dc030,0x00000000f0d00000)
  to   space 13312K, 0% used [0x00000000f1a00000,0x00000000f1a00000,0x00000000f2700000)
 ParOldGen       total 88064K, used 8416K [0x00000000c0000000, 0x00000000c5600000, 0x00000000eab00000)
  object space 88064K, 9% used [0x00000000c0000000,0x00000000c08381d8,0x00000000c5600000)
 Metaspace       used 21276K, capacity 21696K, committed 21888K, reserved 1069056K
  class space    used 2777K, capacity 2932K, committed 2944K, reserved 1048576K
}
Event: 3.863 GC heap before
{Heap before GC invocations=7 (full 1):
 PSYoungGen      total 100352K, used 94064K [0x00000000eab00000, 0x00000000f2700000, 0x0000000100000000)
  eden space 92160K, 100% used [0x00000000eab00000,0x00000000f0500000,0x00000000f0500000)
  from space 8192K, 23% used [0x00000000f0500000,0x00000000f06dc030,0x00000000f0d00000)
  to   space 13312K, 0% used [0x00000000f1a00000,0x00000000f1a00000,0x00000000f2700000)
 ParOldGen       total 88064K, used 8416K [0x00000000c0000000, 0x00000000c5600000, 0x00000000eab00000)
  object space 88064K, 9% used [0x00000000c0000000,0x00000000c08381d8,0x00000000c5600000)
 Metaspace       used 21854K, capacity 22272K, committed 22528K, reserved 1069056K
  class space    used 2839K, capacity 2996K, committed 3072K, reserved 1048576K
Event: 3.866 GC heap after
Heap after GC invocations=7 (full 1):
 PSYoungGen      total 114176K, used 3610K [0x00000000eab00000, 0x00000000f4480000, 0x0000000100000000)
  eden space 100864K, 0% used [0x00000000eab00000,0x00000000eab00000,0x00000000f0d80000)
  from space 13312K, 27% used [0x00000000f1a00000,0x00000000f1d86858,0x00000000f2700000)
  to   space 12800K, 0% used [0x00000000f0d80000,0x00000000f0d80000,0x00000000f1a00000)
 ParOldGen       total 88064K, used 8416K [0x00000000c0000000, 0x00000000c5600000, 0x00000000eab00000)
  object space 88064K, 9% used [0x00000000c0000000,0x00000000c08381d8,0x00000000c5600000)
 Metaspace       used 21854K, capacity 22272K, committed 22528K, reserved 1069056K
  class space    used 2839K, capacity 2996K, committed 3072K, reserved 1048576K
}

