# JRE version: Java(TM) SE Runtime Environment (8.0_92-b14) (build 1.8.0_92-b14)
# Java VM: Java HotSpot(TM) 64-Bit Server VM (25.92-b14 mixed mode windows-amd64 compressed oops)
Heap:
 PSYoungGen      total 77824K, used 8668K [0x00000000eab00000, 0x00000000f1680000, 0x0000000100000000)
  eden space 64000K, 13% used [0x00000000eab00000,0x00000000eb3772a8,0x00000000ee980000)
  from space 13824K, 0% used [0x00000000f0900000,0x00000000f0900000,0x00000000f1680000)
  to   space 12288K, 0% used [0x00000000ee980000,0x00000000ee980000,0x00000000ef580000)
 ParOldGen       total 90624K, used 19882K [0x00000000c0000000, 0x00000000c5880000, 0x00000000eab00000)
  object space 90624K, 21% used [0x00000000c0000000,0x00000000c136a810,0x00000000c5880000)
 Metaspace       used 37729K, capacity 38514K, committed 38656K, reserved 1085440K
  class space    used 5132K, capacity 5339K, committed 5376K, reserved 1048576K
GC Heap History (10 events):
Event: 5.050 GC heap before
{Heap before GC invocations=6 (full 1):
 PSYoungGen      total 57344K, used 54445K [0x00000000eab00000, 0x00000000efd80000, 0x0000000100000000)
  eden space 49152K, 100% used [0x00000000eab00000,0x00000000edb00000,0x00000000edb00000)
  from space 8192K, 64% used [0x00000000ee300000,0x00000000ee82b580,0x00000000eeb00000)
  to   space 8192K, 0% used [0x00000000edb00000,0x00000000edb00000,0x00000000ee300000)
 ParOldGen       total 90624K, used 9616K [0x00000000c0000000, 0x00000000c5880000, 0x00000000eab00000)
  object space 90624K, 10% used [0x00000000c0000000,0x00000000c0964280,0x00000000c5880000)
 Metaspace       used 26940K, capacity 27436K, committed 27648K, reserved 1073152K
  class space    used 3645K, capacity 3778K, committed 3840K, reserved 1048576K
Event: 5.054 GC heap after
Heap after GC invocations=6 (full 1):
 PSYoungGen      total 57344K, used 3995K [0x00000000eab00000, 0x00000000f0580000, 0x0000000100000000)
  eden space 49152K, 0% used [0x00000000eab00000,0x00000000eab00000,0x00000000edb00000)
  from space 8192K, 48% used [0x00000000edb00000,0x00000000edee6fd8,0x00000000ee300000)
  to   space 13312K, 0% used [0x00000000ef880000,0x00000000ef880000,0x00000000f0580000)
 ParOldGen       total 90624K, used 9632K [0x00000000c0000000, 0x00000000c5880000, 0x00000000eab00000)
  object space 90624K, 10% used [0x00000000c0000000,0x00000000c0968280,0x00000000c5880000)
 Metaspace       used 26940K, capacity 27436K, committed 27648K, reserved 1073152K
  class space    used 3645K, capacity 3778K, committed 3840K, reserved 1048576K
}
Event: 9.025 GC heap before
{Heap before GC invocations=7 (full 1):
 PSYoungGen      total 57344K, used 53147K [0x00000000eab00000, 0x00000000f0580000, 0x0000000100000000)
  eden space 49152K, 100% used [0x00000000eab00000,0x00000000edb00000,0x00000000edb00000)
  from space 8192K, 48% used [0x00000000edb00000,0x00000000edee6fd8,0x00000000ee300000)
  to   space 13312K, 0% used [0x00000000ef880000,0x00000000ef880000,0x00000000f0580000)
 ParOldGen       total 90624K, used 9632K [0x00000000c0000000, 0x00000000c5880000, 0x00000000eab00000)
  object space 90624K, 10% used [0x00000000c0000000,0x00000000c0968280,0x00000000c5880000)
 Metaspace       used 30198K, capacity 30660K, committed 30848K, reserved 1075200K
  class space    used 4082K, capacity 4218K, committed 4224K, reserved 1048576K
Event: 9.035 GC heap after
Heap after GC invocations=7 (full 1):
 PSYoungGen      total 73216K, used 7300K [0x00000000eab00000, 0x00000000f0180000, 0x0000000100000000)
  eden space 64000K, 0% used [0x00000000eab00000,0x00000000eab00000,0x00000000ee980000)
  from space 9216K, 79% used [0x00000000ef880000,0x00000000effa1348,0x00000000f0180000)
  to   space 12288K, 0% used [0x00000000ee980000,0x00000000ee980000,0x00000000ef580000)
 ParOldGen       total 90624K, used 9704K [0x00000000c0000000, 0x00000000c5880000, 0x00000000eab00000)
  object space 90624K, 10% used [0x00000000c0000000,0x00000000c097a290,0x00000000c5880000)
 Metaspace       used 30198K, capacity 30660K, committed 30848K, reserved 1075200K
  class space    used 4082K, capacity 4218K, committed 4224K, reserved 1048576K
}
Event: 10.484 GC heap before
{Heap before GC invocations=8 (full 1):
 PSYoungGen      total 73216K, used 71300K [0x00000000eab00000, 0x00000000f0180000, 0x0000000100000000)
  eden space 64000K, 100% used [0x00000000eab00000,0x00000000ee980000,0x00000000ee980000)
  from space 9216K, 79% used [0x00000000ef880000,0x00000000effa1348,0x00000000f0180000)
  to   space 12288K, 0% used [0x00000000ee980000,0x00000000ee980000,0x00000000ef580000)
 ParOldGen       total 90624K, used 9704K [0x00000000c0000000, 0x00000000c5880000, 0x00000000eab00000)
  object space 90624K, 10% used [0x00000000c0000000,0x00000000c097a290,0x00000000c5880000)
 Metaspace       used 33247K, capacity 33898K, committed 34176K, reserved 1079296K
  class space    used 4473K, capacity 4648K, committed 4736K, reserved 1048576K
Event: 10.492 GC heap after
Heap after GC invocations=8 (full 1):
 PSYoungGen      total 76288K, used 11485K [0x00000000eab00000, 0x00000000f1680000, 0x0000000100000000)
  eden space 64000K, 0% used [0x00000000eab00000,0x00000000eab00000,0x00000000ee980000)
  from space 12288K, 93% used [0x00000000ee980000,0x00000000ef4b7400,0x00000000ef580000)
  to   space 13824K, 0% used [0x00000000f0900000,0x00000000f0900000,0x00000000f1680000)
 ParOldGen       total 90624K, used 9712K [0x00000000c0000000, 0x00000000c5880000, 0x00000000eab00000)
  object space 90624K, 10% used [0x00000000c0000000,0x00000000c097c290,0x00000000c5880000)
 Metaspace       used 33247K, capacity 33898K, committed 34176K, reserved 1079296K
  class space    used 4473K, capacity 4648K, committed 4736K, reserved 1048576K
}
Event: 10.841 GC heap before
{Heap before GC invocations=9 (full 1):
 PSYoungGen      total 76288K, used 34727K [0x00000000eab00000, 0x00000000f1680000, 0x0000000100000000)
  eden space 64000K, 36% used [0x00000000eab00000,0x00000000ec1b29e0,0x00000000ee980000)
  from space 12288K, 93% used [0x00000000ee980000,0x00000000ef4b7400,0x00000000ef580000)
  to   space 13824K, 0% used [0x00000000f0900000,0x00000000f0900000,0x00000000f1680000)
 ParOldGen       total 90624K, used 9712K [0x00000000c0000000, 0x00000000c5880000, 0x00000000eab00000)
  object space 90624K, 10% used [0x00000000c0000000,0x00000000c097c290,0x00000000c5880000)
 Metaspace       used 34610K, capacity 35308K, committed 35456K, reserved 1079296K
  class space    used 4687K, capacity 4906K, committed 4992K, reserved 1048576K
Event: 10.854 GC heap after
Heap after GC invocations=9 (full 1):
 PSYoungGen      total 77824K, used 12089K [0x00000000eab00000, 0x00000000f1680000, 0x0000000100000000)
  eden space 64000K, 0% used [0x00000000eab00000,0x00000000eab00000,0x00000000ee980000)
  from space 13824K, 87% used [0x00000000f0900000,0x00000000f14ce478,0x00000000f1680000)
  to   space 12288K, 0% used [0x00000000ee980000,0x00000000ee980000,0x00000000ef580000)
 ParOldGen       total 90624K, used 9720K [0x00000000c0000000, 0x00000000c5880000, 0x00000000eab00000)
  object space 90624K, 10% used [0x00000000c0000000,0x00000000c097e290,0x00000000c5880000)
 Metaspace       used 34610K, capacity 35308K, committed 35456K, reserved 1079296K
  class space    used 4687K, capacity 4906K, committed 4992K, reserved 1048576K
}
Event: 10.854 GC heap before
{Heap before GC invocations=10 (full 2):
 PSYoungGen      total 77824K, used 12089K [0x00000000eab00000, 0x00000000f1680000, 0x0000000100000000)
  eden space 64000K, 0% used [0x00000000eab00000,0x00000000eab00000,0x00000000ee980000)
  from space 13824K, 87% used [0x00000000f0900000,0x00000000f14ce478,0x00000000f1680000)
  to   space 12288K, 0% used [0x00000000ee980000,0x00000000ee980000,0x00000000ef580000)
 ParOldGen       total 90624K, used 9720K [0x00000000c0000000, 0x00000000c5880000, 0x00000000eab00000)
  object space 90624K, 10% used [0x00000000c0000000,0x00000000c097e290,0x00000000c5880000)
 Metaspace       used 34610K, capacity 35308K, committed 35456K, reserved 1079296K
  class space    used 4687K, capacity 4906K, committed 4992K, reserved 1048576K
Event: 10.957 GC heap after
Heap after GC invocations=10 (full 2):
 PSYoungGen      total 77824K, used 0K [0x00000000eab00000, 0x00000000f1680000, 0x0000000100000000)
  eden space 64000K, 0% used [0x00000000eab00000,0x00000000eab00000,0x00000000ee980000)
  from space 13824K, 0% used [0x00000000f0900000,0x00000000f0900000,0x00000000f1680000)
  to   space 12288K, 0% used [0x00000000ee980000,0x00000000ee980000,0x00000000ef580000)
 ParOldGen       total 90624K, used 19882K [0x00000000c0000000, 0x00000000c5880000, 0x00000000eab00000)
  object space 90624K, 21% used [0x00000000c0000000,0x00000000c136a810,0x00000000c5880000)
 Metaspace       used 34610K, capacity 35308K, committed 35456K, reserved 1079296K
  class space    used 4687K, capacity 4906K, committed 4992K, reserved 1048576K
}

