# JRE version: Java(TM) SE Runtime Environment (8.0_92-b14) (build 1.8.0_92-b14)
# Java VM: Java HotSpot(TM) 64-Bit Server VM (25.92-b14 mixed mode windows-amd64 compressed oops)
Heap:
 PSYoungGen      total 302080K, used 237464K [0x00000000eab00000, 0x00000000ff300000, 0x0000000100000000)
  eden space 286720K, 79% used [0x00000000eab00000,0x00000000f8836f28,0x00000000fc300000)
  from space 15360K, 71% used [0x00000000fe400000,0x00000000feeaf100,0x00000000ff300000)
  to   space 24576K, 0% used [0x00000000fc300000,0x00000000fc300000,0x00000000fdb00000)
 ParOldGen       total 126464K, used 46335K [0x00000000c0000000, 0x00000000c7b80000, 0x00000000eab00000)
  object space 126464K, 36% used [0x00000000c0000000,0x00000000c2d3ff08,0x00000000c7b80000)
 Metaspace       used 59142K, capacity 60818K, committed 60928K, reserved 1101824K
  class space    used 7746K, capacity 8182K, committed 8192K, reserved 1048576K
GC Heap History (10 events):
Event: 14.228 GC heap before
{Heap before GC invocations=13 (full 2):
 PSYoungGen      total 224768K, used 222523K [0x00000000eab00000, 0x00000000fad00000, 0x0000000100000000)
  eden space 204800K, 100% used [0x00000000eab00000,0x00000000f7300000,0x00000000f7300000)
  from space 19968K, 88% used [0x00000000f8800000,0x00000000f994ec10,0x00000000f9b80000)
  to   space 21504K, 0% used [0x00000000f7300000,0x00000000f7300000,0x00000000f8800000)
 ParOldGen       total 126464K, used 27279K [0x00000000c0000000, 0x00000000c7b80000, 0x00000000eab00000)
  object space 126464K, 21% used [0x00000000c0000000,0x00000000c1aa3dd0,0x00000000c7b80000)
 Metaspace       used 56326K, capacity 57356K, committed 57472K, reserved 1099776K
  class space    used 7479K, capacity 7806K, committed 7808K, reserved 1048576K
Event: 14.247 GC heap after
Heap after GC invocations=13 (full 2):
 PSYoungGen      total 226304K, used 21497K [0x00000000eab00000, 0x00000000fd080000, 0x0000000100000000)
  eden space 204800K, 0% used [0x00000000eab00000,0x00000000eab00000,0x00000000f7300000)
  from space 21504K, 99% used [0x00000000f7300000,0x00000000f87fe748,0x00000000f8800000)
  to   space 25600K, 0% used [0x00000000fb780000,0x00000000fb780000,0x00000000fd080000)
 ParOldGen       total 126464K, used 30541K [0x00000000c0000000, 0x00000000c7b80000, 0x00000000eab00000)
  object space 126464K, 24% used [0x00000000c0000000,0x00000000c1dd36a0,0x00000000c7b80000)
 Metaspace       used 56326K, capacity 57356K, committed 57472K, reserved 1099776K
  class space    used 7479K, capacity 7806K, committed 7808K, reserved 1048576K
}
Event: 14.619 GC heap before
{Heap before GC invocations=14 (full 2):
 PSYoungGen      total 226304K, used 61838K [0x00000000eab00000, 0x00000000fd080000, 0x0000000100000000)
  eden space 204800K, 19% used [0x00000000eab00000,0x00000000ed2652f0,0x00000000f7300000)
  from space 21504K, 99% used [0x00000000f7300000,0x00000000f87fe748,0x00000000f8800000)
  to   space 25600K, 0% used [0x00000000fb780000,0x00000000fb780000,0x00000000fd080000)
 ParOldGen       total 126464K, used 30541K [0x00000000c0000000, 0x00000000c7b80000, 0x00000000eab00000)
  object space 126464K, 24% used [0x00000000c0000000,0x00000000c1dd36a0,0x00000000c7b80000)
 Metaspace       used 56813K, capacity 57906K, committed 58112K, reserved 1099776K
  class space    used 7536K, capacity 7839K, committed 7936K, reserved 1048576K
Event: 14.637 GC heap after
Heap after GC invocations=14 (full 2):
 PSYoungGen      total 274944K, used 16066K [0x00000000eab00000, 0x00000000fd080000, 0x0000000100000000)
  eden space 249344K, 0% used [0x00000000eab00000,0x00000000eab00000,0x00000000f9e80000)
  from space 25600K, 62% used [0x00000000fb780000,0x00000000fc730b48,0x00000000fd080000)
  to   space 25600K, 0% used [0x00000000f9e80000,0x00000000f9e80000,0x00000000fb780000)
 ParOldGen       total 126464K, used 36245K [0x00000000c0000000, 0x00000000c7b80000, 0x00000000eab00000)
  object space 126464K, 28% used [0x00000000c0000000,0x00000000c2365588,0x00000000c7b80000)
 Metaspace       used 56813K, capacity 57906K, committed 58112K, reserved 1099776K
  class space    used 7536K, capacity 7839K, committed 7936K, reserved 1048576K
}
Event: 14.637 GC heap before
{Heap before GC invocations=15 (full 3):
 PSYoungGen      total 274944K, used 16066K [0x00000000eab00000, 0x00000000fd080000, 0x0000000100000000)
  eden space 249344K, 0% used [0x00000000eab00000,0x00000000eab00000,0x00000000f9e80000)
  from space 25600K, 62% used [0x00000000fb780000,0x00000000fc730b48,0x00000000fd080000)
  to   space 25600K, 0% used [0x00000000f9e80000,0x00000000f9e80000,0x00000000fb780000)
 ParOldGen       total 126464K, used 36245K [0x00000000c0000000, 0x00000000c7b80000, 0x00000000eab00000)
  object space 126464K, 28% used [0x00000000c0000000,0x00000000c2365588,0x00000000c7b80000)
 Metaspace       used 56813K, capacity 57906K, committed 58112K, reserved 1099776K
  class space    used 7536K, capacity 7839K, committed 7936K, reserved 1048576K
Event: 14.927 GC heap after
Heap after GC invocations=15 (full 3):
 PSYoungGen      total 274944K, used 0K [0x00000000eab00000, 0x00000000fd080000, 0x0000000100000000)
  eden space 249344K, 0% used [0x00000000eab00000,0x00000000eab00000,0x00000000f9e80000)
  from space 25600K, 0% used [0x00000000fb780000,0x00000000fb780000,0x00000000fd080000)
  to   space 25600K, 0% used [0x00000000f9e80000,0x00000000f9e80000,0x00000000fb780000)
 ParOldGen       total 126464K, used 46319K [0x00000000c0000000, 0x00000000c7b80000, 0x00000000eab00000)
  object space 126464K, 36% used [0x00000000c0000000,0x00000000c2d3bf08,0x00000000c7b80000)
 Metaspace       used 56813K, capacity 57906K, committed 58112K, reserved 1099776K
  class space    used 7536K, capacity 7839K, committed 7936K, reserved 1048576K
}
Event: 32.507 GC heap before
{Heap before GC invocations=16 (full 3):
 PSYoungGen      total 274944K, used 249344K [0x00000000eab00000, 0x00000000fd080000, 0x0000000100000000)
  eden space 249344K, 100% used [0x00000000eab00000,0x00000000f9e80000,0x00000000f9e80000)
  from space 25600K, 0% used [0x00000000fb780000,0x00000000fb780000,0x00000000fd080000)
  to   space 25600K, 0% used [0x00000000f9e80000,0x00000000f9e80000,0x00000000fb780000)
 ParOldGen       total 126464K, used 46319K [0x00000000c0000000, 0x00000000c7b80000, 0x00000000eab00000)
  object space 126464K, 36% used [0x00000000c0000000,0x00000000c2d3bf08,0x00000000c7b80000)
 Metaspace       used 57652K, capacity 58974K, committed 59264K, reserved 1099776K
  class space    used 7596K, capacity 7945K, committed 8064K, reserved 1048576K
Event: 32.519 GC heap after
Heap after GC invocations=16 (full 3):
 PSYoungGen      total 274944K, used 5408K [0x00000000eab00000, 0x00000000ffd00000, 0x0000000100000000)
  eden space 249344K, 0% used [0x00000000eab00000,0x00000000eab00000,0x00000000f9e80000)
  from space 25600K, 21% used [0x00000000f9e80000,0x00000000fa3c8000,0x00000000fb780000)
  to   space 25600K, 0% used [0x00000000fe400000,0x00000000fe400000,0x00000000ffd00000)
 ParOldGen       total 126464K, used 46327K [0x00000000c0000000, 0x00000000c7b80000, 0x00000000eab00000)
  object space 126464K, 36% used [0x00000000c0000000,0x00000000c2d3df08,0x00000000c7b80000)
 Metaspace       used 57652K, capacity 58974K, committed 59264K, reserved 1099776K
  class space    used 7596K, capacity 7945K, committed 8064K, reserved 1048576K
}
Event: 46.135 GC heap before
{Heap before GC invocations=17 (full 3):
 PSYoungGen      total 274944K, used 254752K [0x00000000eab00000, 0x00000000ffd00000, 0x0000000100000000)
  eden space 249344K, 100% used [0x00000000eab00000,0x00000000f9e80000,0x00000000f9e80000)
  from space 25600K, 21% used [0x00000000f9e80000,0x00000000fa3c8000,0x00000000fb780000)
  to   space 25600K, 0% used [0x00000000fe400000,0x00000000fe400000,0x00000000ffd00000)
 ParOldGen       total 126464K, used 46327K [0x00000000c0000000, 0x00000000c7b80000, 0x00000000eab00000)
  object space 126464K, 36% used [0x00000000c0000000,0x00000000c2d3df08,0x00000000c7b80000)
 Metaspace       used 58637K, capacity 60170K, committed 60288K, reserved 1101824K
  class space    used 7675K, capacity 8019K, committed 8064K, reserved 1048576K
Event: 46.145 GC heap after
Heap after GC invocations=17 (full 3):
 PSYoungGen      total 302080K, used 10940K [0x00000000eab00000, 0x00000000ff300000, 0x0000000100000000)
  eden space 286720K, 0% used [0x00000000eab00000,0x00000000eab00000,0x00000000fc300000)
  from space 15360K, 71% used [0x00000000fe400000,0x00000000feeaf100,0x00000000ff300000)
  to   space 24576K, 0% used [0x00000000fc300000,0x00000000fc300000,0x00000000fdb00000)
 ParOldGen       total 126464K, used 46335K [0x00000000c0000000, 0x00000000c7b80000, 0x00000000eab00000)
  object space 126464K, 36% used [0x00000000c0000000,0x00000000c2d3ff08,0x00000000c7b80000)
 Metaspace       used 58637K, capacity 60170K, committed 60288K, reserved 1101824K
  class space    used 7675K, capacity 8019K, committed 8064K, reserved 1048576K
}

