# JRE version: Java(TM) SE Runtime Environment (8.0_92-b14) (build 1.8.0_92-b14)
# Java VM: Java HotSpot(TM) 64-Bit Server VM (25.92-b14 mixed mode windows-amd64 compressed oops)
Heap:
 PSYoungGen      total 165376K, used 52176K [0x00000000eab00000, 0x00000000f8a80000, 0x0000000100000000)
  eden space 149504K, 24% used [0x00000000eab00000,0x00000000ece77db8,0x00000000f3d00000)
  from space 15872K, 99% used [0x00000000f3d00000,0x00000000f4c7c460,0x00000000f4c80000)
  to   space 20992K, 0% used [0x00000000f7600000,0x00000000f7600000,0x00000000f8a80000)
 ParOldGen       total 130560K, used 27475K [0x00000000c0000000, 0x00000000c7f80000, 0x00000000eab00000)
  object space 130560K, 21% used [0x00000000c0000000,0x00000000c1ad4d08,0x00000000c7f80000)
 Metaspace       used 46712K, capacity 47744K, committed 47872K, reserved 1089536K
  class space    used 6432K, capacity 6789K, committed 6912K, reserved 1048576K
GC Heap History (10 events):
Event: 9.852 GC heap before
{Heap before GC invocations=7 (full 1):
 PSYoungGen      total 103936K, used 101982K [0x00000000eab00000, 0x00000000f2600000, 0x0000000100000000)
  eden space 95744K, 100% used [0x00000000eab00000,0x00000000f0880000,0x00000000f0880000)
  from space 8192K, 76% used [0x00000000f0880000,0x00000000f0e97850,0x00000000f1080000)
  to   space 12800K, 0% used [0x00000000f1980000,0x00000000f1980000,0x00000000f2600000)
 ParOldGen       total 87552K, used 9762K [0x00000000c0000000, 0x00000000c5580000, 0x00000000eab00000)
  object space 87552K, 11% used [0x00000000c0000000,0x00000000c09889b0,0x00000000c5580000)
 Metaspace       used 33232K, capacity 33874K, committed 34176K, reserved 1079296K
  class space    used 4472K, capacity 4644K, committed 4736K, reserved 1048576K
Event: 9.871 GC heap after
Heap after GC invocations=7 (full 1):
 PSYoungGen      total 110592K, used 12775K [0x00000000eab00000, 0x00000000f4e80000, 0x0000000100000000)
  eden space 97792K, 0% used [0x00000000eab00000,0x00000000eab00000,0x00000000f0a80000)
  from space 12800K, 99% used [0x00000000f1980000,0x00000000f25f9d98,0x00000000f2600000)
  to   space 15360K, 0% used [0x00000000f0a80000,0x00000000f0a80000,0x00000000f1980000)
 ParOldGen       total 87552K, used 10602K [0x00000000c0000000, 0x00000000c5580000, 0x00000000eab00000)
  object space 87552K, 12% used [0x00000000c0000000,0x00000000c0a5aad8,0x00000000c5580000)
 Metaspace       used 33232K, capacity 33874K, committed 34176K, reserved 1079296K
  class space    used 4472K, capacity 4644K, committed 4736K, reserved 1048576K
}
Event: 10.186 GC heap before
{Heap before GC invocations=8 (full 1):
 PSYoungGen      total 110592K, used 30971K [0x00000000eab00000, 0x00000000f4e80000, 0x0000000100000000)
  eden space 97792K, 18% used [0x00000000eab00000,0x00000000ebcc5240,0x00000000f0a80000)
  from space 12800K, 99% used [0x00000000f1980000,0x00000000f25f9d98,0x00000000f2600000)
  to   space 15360K, 0% used [0x00000000f0a80000,0x00000000f0a80000,0x00000000f1980000)
 ParOldGen       total 87552K, used 10602K [0x00000000c0000000, 0x00000000c5580000, 0x00000000eab00000)
  object space 87552K, 12% used [0x00000000c0000000,0x00000000c0a5aad8,0x00000000c5580000)
 Metaspace       used 34542K, capacity 35220K, committed 35456K, reserved 1079296K
  class space    used 4679K, capacity 4902K, committed 4992K, reserved 1048576K
Event: 10.200 GC heap after
Heap after GC invocations=8 (full 1):
 PSYoungGen      total 113152K, used 12066K [0x00000000eab00000, 0x00000000f6080000, 0x0000000100000000)
  eden space 97792K, 0% used [0x00000000eab00000,0x00000000eab00000,0x00000000f0a80000)
  from space 15360K, 78% used [0x00000000f0a80000,0x00000000f16489b8,0x00000000f1980000)
  to   space 15872K, 0% used [0x00000000f5100000,0x00000000f5100000,0x00000000f6080000)
 ParOldGen       total 87552K, used 10602K [0x00000000c0000000, 0x00000000c5580000, 0x00000000eab00000)
  object space 87552K, 12% used [0x00000000c0000000,0x00000000c0a5aad8,0x00000000c5580000)
 Metaspace       used 34542K, capacity 35220K, committed 35456K, reserved 1079296K
  class space    used 4679K, capacity 4902K, committed 4992K, reserved 1048576K
}
Event: 10.200 GC heap before
{Heap before GC invocations=9 (full 2):
 PSYoungGen      total 113152K, used 12066K [0x00000000eab00000, 0x00000000f6080000, 0x0000000100000000)
  eden space 97792K, 0% used [0x00000000eab00000,0x00000000eab00000,0x00000000f0a80000)
  from space 15360K, 78% used [0x00000000f0a80000,0x00000000f16489b8,0x00000000f1980000)
  to   space 15872K, 0% used [0x00000000f5100000,0x00000000f5100000,0x00000000f6080000)
 ParOldGen       total 87552K, used 10602K [0x00000000c0000000, 0x00000000c5580000, 0x00000000eab00000)
  object space 87552K, 12% used [0x00000000c0000000,0x00000000c0a5aad8,0x00000000c5580000)
 Metaspace       used 34542K, capacity 35220K, committed 35456K, reserved 1079296K
  class space    used 4679K, capacity 4902K, committed 4992K, reserved 1048576K
Event: 10.313 GC heap after
Heap after GC invocations=9 (full 2):
 PSYoungGen      total 113152K, used 0K [0x00000000eab00000, 0x00000000f6080000, 0x0000000100000000)
  eden space 97792K, 0% used [0x00000000eab00000,0x00000000eab00000,0x00000000f0a80000)
  from space 15360K, 0% used [0x00000000f0a80000,0x00000000f0a80000,0x00000000f1980000)
  to   space 15872K, 0% used [0x00000000f5100000,0x00000000f5100000,0x00000000f6080000)
 ParOldGen       total 130560K, used 19865K [0x00000000c0000000, 0x00000000c7f80000, 0x00000000eab00000)
  object space 130560K, 15% used [0x00000000c0000000,0x00000000c1366420,0x00000000c7f80000)
 Metaspace       used 34542K, capacity 35220K, committed 35456K, reserved 1079296K
  class space    used 4679K, capacity 4902K, committed 4992K, reserved 1048576K
}
Event: 11.811 GC heap before
{Heap before GC invocations=10 (full 2):
 PSYoungGen      total 113152K, used 97792K [0x00000000eab00000, 0x00000000f6080000, 0x0000000100000000)
  eden space 97792K, 100% used [0x00000000eab00000,0x00000000f0a80000,0x00000000f0a80000)
  from space 15360K, 0% used [0x00000000f0a80000,0x00000000f0a80000,0x00000000f1980000)
  to   space 15872K, 0% used [0x00000000f5100000,0x00000000f5100000,0x00000000f6080000)
 ParOldGen       total 130560K, used 19865K [0x00000000c0000000, 0x00000000c7f80000, 0x00000000eab00000)
  object space 130560K, 15% used [0x00000000c0000000,0x00000000c1366420,0x00000000c7f80000)
 Metaspace       used 41272K, capacity 41998K, committed 42368K, reserved 1085440K
  class space    used 5730K, capacity 5940K, committed 6016K, reserved 1048576K
Event: 11.821 GC heap after
Heap after GC invocations=10 (full 2):
 PSYoungGen      total 158720K, used 11208K [0x00000000eab00000, 0x00000000f5c00000, 0x0000000100000000)
  eden space 147456K, 0% used [0x00000000eab00000,0x00000000eab00000,0x00000000f3b00000)
  from space 11264K, 99% used [0x00000000f5100000,0x00000000f5bf2370,0x00000000f5c00000)
  to   space 15872K, 0% used [0x00000000f3d00000,0x00000000f3d00000,0x00000000f4c80000)
 ParOldGen       total 130560K, used 19873K [0x00000000c0000000, 0x00000000c7f80000, 0x00000000eab00000)
  object space 130560K, 15% used [0x00000000c0000000,0x00000000c1368420,0x00000000c7f80000)
 Metaspace       used 41272K, capacity 41998K, committed 42368K, reserved 1085440K
  class space    used 5730K, capacity 5940K, committed 6016K, reserved 1048576K
}
Event: 23.907 GC heap before
{Heap before GC invocations=11 (full 2):
 PSYoungGen      total 158720K, used 158664K [0x00000000eab00000, 0x00000000f5c00000, 0x0000000100000000)
  eden space 147456K, 100% used [0x00000000eab00000,0x00000000f3b00000,0x00000000f3b00000)
  from space 11264K, 99% used [0x00000000f5100000,0x00000000f5bf2370,0x00000000f5c00000)
  to   space 15872K, 0% used [0x00000000f3d00000,0x00000000f3d00000,0x00000000f4c80000)
 ParOldGen       total 130560K, used 19873K [0x00000000c0000000, 0x00000000c7f80000, 0x00000000eab00000)
  object space 130560K, 15% used [0x00000000c0000000,0x00000000c1368420,0x00000000c7f80000)
 Metaspace       used 46530K, capacity 47520K, committed 47744K, reserved 1089536K
  class space    used 6419K, capacity 6757K, committed 6784K, reserved 1048576K
Event: 23.929 GC heap after
Heap after GC invocations=11 (full 2):
 PSYoungGen      total 165376K, used 15857K [0x00000000eab00000, 0x00000000f8a80000, 0x0000000100000000)
  eden space 149504K, 0% used [0x00000000eab00000,0x00000000eab00000,0x00000000f3d00000)
  from space 15872K, 99% used [0x00000000f3d00000,0x00000000f4c7c460,0x00000000f4c80000)
  to   space 20992K, 0% used [0x00000000f7600000,0x00000000f7600000,0x00000000f8a80000)
 ParOldGen       total 130560K, used 27475K [0x00000000c0000000, 0x00000000c7f80000, 0x00000000eab00000)
  object space 130560K, 21% used [0x00000000c0000000,0x00000000c1ad4d08,0x00000000c7f80000)
 Metaspace       used 46530K, capacity 47520K, committed 47744K, reserved 1089536K
  class space    used 6419K, capacity 6757K, committed 6784K, reserved 1048576K
}

