# JRE version: Java(TM) SE Runtime Environment (8.0_92-b14) (build 1.8.0_92-b14)
# Java VM: Java HotSpot(TM) 64-Bit Server VM (25.92-b14 mixed mode windows-amd64 compressed oops)
Heap:
 PSYoungGen      total 146432K, used 59602K [0x00000000eab00000, 0x00000000f7480000, 0x0000000100000000)
  eden space 130560K, 33% used [0x00000000eab00000,0x00000000ed5ba218,0x00000000f2a80000)
  from space 15872K, 99% used [0x00000000f2a80000,0x00000000f39fa938,0x00000000f3a00000)
  to   space 20480K, 0% used [0x00000000f6080000,0x00000000f6080000,0x00000000f7480000)
 ParOldGen       total 137216K, used 26453K [0x00000000c0000000, 0x00000000c8600000, 0x00000000eab00000)
  object space 137216K, 19% used [0x00000000c0000000,0x00000000c19d5740,0x00000000c8600000)
 Metaspace       used 46425K, capacity 47496K, committed 47744K, reserved 1089536K
  class space    used 6377K, capacity 6686K, committed 6784K, reserved 1048576K
GC Heap History (10 events):
Event: 17.795 GC heap before
{Heap before GC invocations=7 (full 1):
 PSYoungGen      total 100864K, used 98439K [0x00000000eab00000, 0x00000000f1e80000, 0x0000000100000000)
  eden space 92672K, 100% used [0x00000000eab00000,0x00000000f0580000,0x00000000f0580000)
  from space 8192K, 70% used [0x00000000f0880000,0x00000000f0e21df0,0x00000000f1080000)
  to   space 12800K, 0% used [0x00000000f1200000,0x00000000f1200000,0x00000000f1e80000)
 ParOldGen       total 89600K, used 9735K [0x00000000c0000000, 0x00000000c5780000, 0x00000000eab00000)
  object space 89600K, 10% used [0x00000000c0000000,0x00000000c0981f48,0x00000000c5780000)
 Metaspace       used 33217K, capacity 33868K, committed 34176K, reserved 1079296K
  class space    used 4466K, capacity 4642K, committed 4736K, reserved 1048576K
Event: 17.808 GC heap after
Heap after GC invocations=7 (full 1):
 PSYoungGen      total 103424K, used 12794K [0x00000000eab00000, 0x00000000f3e80000, 0x0000000100000000)
  eden space 90624K, 0% used [0x00000000eab00000,0x00000000eab00000,0x00000000f0380000)
  from space 12800K, 99% used [0x00000000f1200000,0x00000000f1e7eb20,0x00000000f1e80000)
  to   space 14848K, 0% used [0x00000000f0380000,0x00000000f0380000,0x00000000f1200000)
 ParOldGen       total 89600K, used 10125K [0x00000000c0000000, 0x00000000c5780000, 0x00000000eab00000)
  object space 89600K, 11% used [0x00000000c0000000,0x00000000c09e3510,0x00000000c5780000)
 Metaspace       used 33217K, capacity 33868K, committed 34176K, reserved 1079296K
  class space    used 4466K, capacity 4642K, committed 4736K, reserved 1048576K
}
Event: 18.212 GC heap before
{Heap before GC invocations=8 (full 1):
 PSYoungGen      total 103424K, used 36676K [0x00000000eab00000, 0x00000000f3e80000, 0x0000000100000000)
  eden space 90624K, 26% used [0x00000000eab00000,0x00000000ec252668,0x00000000f0380000)
  from space 12800K, 99% used [0x00000000f1200000,0x00000000f1e7eb20,0x00000000f1e80000)
  to   space 14848K, 0% used [0x00000000f0380000,0x00000000f0380000,0x00000000f1200000)
 ParOldGen       total 89600K, used 10125K [0x00000000c0000000, 0x00000000c5780000, 0x00000000eab00000)
  object space 89600K, 11% used [0x00000000c0000000,0x00000000c09e3510,0x00000000c5780000)
 Metaspace       used 34539K, capacity 35188K, committed 35456K, reserved 1079296K
  class space    used 4667K, capacity 4870K, committed 4992K, reserved 1048576K
Event: 18.224 GC heap after
Heap after GC invocations=8 (full 1):
 PSYoungGen      total 105472K, used 12129K [0x00000000eab00000, 0x00000000f4980000, 0x0000000100000000)
  eden space 90624K, 0% used [0x00000000eab00000,0x00000000eab00000,0x00000000f0380000)
  from space 14848K, 81% used [0x00000000f0380000,0x00000000f0f58640,0x00000000f1200000)
  to   space 15872K, 0% used [0x00000000f3a00000,0x00000000f3a00000,0x00000000f4980000)
 ParOldGen       total 89600K, used 10133K [0x00000000c0000000, 0x00000000c5780000, 0x00000000eab00000)
  object space 89600K, 11% used [0x00000000c0000000,0x00000000c09e5510,0x00000000c5780000)
 Metaspace       used 34539K, capacity 35188K, committed 35456K, reserved 1079296K
  class space    used 4667K, capacity 4870K, committed 4992K, reserved 1048576K
}
Event: 18.224 GC heap before
{Heap before GC invocations=9 (full 2):
 PSYoungGen      total 105472K, used 12129K [0x00000000eab00000, 0x00000000f4980000, 0x0000000100000000)
  eden space 90624K, 0% used [0x00000000eab00000,0x00000000eab00000,0x00000000f0380000)
  from space 14848K, 81% used [0x00000000f0380000,0x00000000f0f58640,0x00000000f1200000)
  to   space 15872K, 0% used [0x00000000f3a00000,0x00000000f3a00000,0x00000000f4980000)
 ParOldGen       total 89600K, used 10133K [0x00000000c0000000, 0x00000000c5780000, 0x00000000eab00000)
  object space 89600K, 11% used [0x00000000c0000000,0x00000000c09e5510,0x00000000c5780000)
 Metaspace       used 34539K, capacity 35188K, committed 35456K, reserved 1079296K
  class space    used 4667K, capacity 4870K, committed 4992K, reserved 1048576K
Event: 18.338 GC heap after
Heap after GC invocations=9 (full 2):
 PSYoungGen      total 105472K, used 0K [0x00000000eab00000, 0x00000000f4980000, 0x0000000100000000)
  eden space 90624K, 0% used [0x00000000eab00000,0x00000000eab00000,0x00000000f0380000)
  from space 14848K, 0% used [0x00000000f0380000,0x00000000f0380000,0x00000000f1200000)
  to   space 15872K, 0% used [0x00000000f3a00000,0x00000000f3a00000,0x00000000f4980000)
 ParOldGen       total 137216K, used 19891K [0x00000000c0000000, 0x00000000c8600000, 0x00000000eab00000)
  object space 137216K, 14% used [0x00000000c0000000,0x00000000c136cc70,0x00000000c8600000)
 Metaspace       used 34539K, capacity 35188K, committed 35456K, reserved 1079296K
  class space    used 4667K, capacity 4870K, committed 4992K, reserved 1048576K
}
Event: 20.717 GC heap before
{Heap before GC invocations=10 (full 2):
 PSYoungGen      total 105472K, used 90624K [0x00000000eab00000, 0x00000000f4980000, 0x0000000100000000)
  eden space 90624K, 100% used [0x00000000eab00000,0x00000000f0380000,0x00000000f0380000)
  from space 14848K, 0% used [0x00000000f0380000,0x00000000f0380000,0x00000000f1200000)
  to   space 15872K, 0% used [0x00000000f3a00000,0x00000000f3a00000,0x00000000f4980000)
 ParOldGen       total 137216K, used 19891K [0x00000000c0000000, 0x00000000c8600000, 0x00000000eab00000)
  object space 137216K, 14% used [0x00000000c0000000,0x00000000c136cc70,0x00000000c8600000)
 Metaspace       used 41010K, capacity 41782K, committed 41984K, reserved 1085440K
  class space    used 5675K, capacity 5868K, committed 5888K, reserved 1048576K
Event: 20.733 GC heap after
Heap after GC invocations=10 (full 2):
 PSYoungGen      total 146432K, used 10463K [0x00000000eab00000, 0x00000000f4d80000, 0x0000000100000000)
  eden space 130560K, 0% used [0x00000000eab00000,0x00000000eab00000,0x00000000f2a80000)
  from space 15872K, 65% used [0x00000000f3a00000,0x00000000f4437c00,0x00000000f4980000)
  to   space 15872K, 0% used [0x00000000f2a80000,0x00000000f2a80000,0x00000000f3a00000)
 ParOldGen       total 137216K, used 19899K [0x00000000c0000000, 0x00000000c8600000, 0x00000000eab00000)
  object space 137216K, 14% used [0x00000000c0000000,0x00000000c136ec70,0x00000000c8600000)
 Metaspace       used 41010K, capacity 41782K, committed 41984K, reserved 1085440K
  class space    used 5675K, capacity 5868K, committed 5888K, reserved 1048576K
}
Event: 25.084 GC heap before
{Heap before GC invocations=11 (full 2):
 PSYoungGen      total 146432K, used 141023K [0x00000000eab00000, 0x00000000f4d80000, 0x0000000100000000)
  eden space 130560K, 100% used [0x00000000eab00000,0x00000000f2a80000,0x00000000f2a80000)
  from space 15872K, 65% used [0x00000000f3a00000,0x00000000f4437c00,0x00000000f4980000)
  to   space 15872K, 0% used [0x00000000f2a80000,0x00000000f2a80000,0x00000000f3a00000)
 ParOldGen       total 137216K, used 19899K [0x00000000c0000000, 0x00000000c8600000, 0x00000000eab00000)
  object space 137216K, 14% used [0x00000000c0000000,0x00000000c136ec70,0x00000000c8600000)
 Metaspace       used 45790K, capacity 46856K, committed 47104K, reserved 1089536K
  class space    used 6304K, capacity 6622K, committed 6656K, reserved 1048576K
Event: 25.101 GC heap after
Heap after GC invocations=11 (full 2):
 PSYoungGen      total 146432K, used 15850K [0x00000000eab00000, 0x00000000f7480000, 0x0000000100000000)
  eden space 130560K, 0% used [0x00000000eab00000,0x00000000eab00000,0x00000000f2a80000)
  from space 15872K, 99% used [0x00000000f2a80000,0x00000000f39fa938,0x00000000f3a00000)
  to   space 20480K, 0% used [0x00000000f6080000,0x00000000f6080000,0x00000000f7480000)
 ParOldGen       total 137216K, used 26453K [0x00000000c0000000, 0x00000000c8600000, 0x00000000eab00000)
  object space 137216K, 19% used [0x00000000c0000000,0x00000000c19d5740,0x00000000c8600000)
 Metaspace       used 45790K, capacity 46856K, committed 47104K, reserved 1089536K
  class space    used 6304K, capacity 6622K, committed 6656K, reserved 1048576K
}

