# JRE version: Java(TM) SE Runtime Environment (8.0_92-b14) (build 1.8.0_92-b14)
# Java VM: Java HotSpot(TM) 64-Bit Server VM (25.92-b14 mixed mode windows-amd64 compressed oops)
Heap:
 PSYoungGen      total 204800K, used 158259K [0x00000000eab00000, 0x0000000100000000, 0x0000000100000000)
  eden space 196608K, 80% used [0x00000000eab00000,0x00000000f458ceb8,0x00000000f6b00000)
  from space 8192K, 0% used [0x00000000f6b00000,0x00000000f6b00000,0x00000000f7300000)
  to   space 67072K, 0% used [0x00000000fbe80000,0x00000000fbe80000,0x0000000100000000)
 ParOldGen       total 236032K, used 209028K [0x00000000c0000000, 0x00000000ce680000, 0x00000000eab00000)
  object space 236032K, 88% used [0x00000000c0000000,0x00000000ccc211e8,0x00000000ce680000)
 Metaspace       used 6601K, capacity 7256K, committed 7424K, reserved 1056768K
  class space    used 630K, capacity 656K, committed 768K, reserved 1048576K
GC Heap History (10 events):
Event: 9.162 GC heap before
{Heap before GC invocations=4 (full 0):
 PSYoungGen      total 106496K, used 106472K [0x00000000eab00000, 0x00000000f7b00000, 0x0000000100000000)
  eden space 98304K, 100% used [0x00000000eab00000,0x00000000f0b00000,0x00000000f0b00000)
  from space 8192K, 99% used [0x00000000f0b00000,0x00000000f12fa050,0x00000000f1300000)
  to   space 8192K, 0% used [0x00000000f7300000,0x00000000f7300000,0x00000000f7b00000)
 ParOldGen       total 131072K, used 17712K [0x00000000c0000000, 0x00000000c8000000, 0x00000000eab00000)
  object space 131072K, 13% used [0x00000000c0000000,0x00000000c114c040,0x00000000c8000000)
 Metaspace       used 6549K, capacity 7256K, committed 7424K, reserved 1056768K
  class space    used 628K, capacity 656K, committed 768K, reserved 1048576K
Event: 9.495 GC heap after
Heap after GC invocations=4 (full 0):
 PSYoungGen      total 204800K, used 8190K [0x00000000eab00000, 0x00000000f7b00000, 0x0000000100000000)
  eden space 196608K, 0% used [0x00000000eab00000,0x00000000eab00000,0x00000000f6b00000)
  from space 8192K, 99% used [0x00000000f7300000,0x00000000f7aff9b8,0x00000000f7b00000)
  to   space 8192K, 0% used [0x00000000f6b00000,0x00000000f6b00000,0x00000000f7300000)
 ParOldGen       total 131072K, used 42365K [0x00000000c0000000, 0x00000000c8000000, 0x00000000eab00000)
  object space 131072K, 32% used [0x00000000c0000000,0x00000000c295f778,0x00000000c8000000)
 Metaspace       used 6549K, capacity 7256K, committed 7424K, reserved 1056768K
  class space    used 628K, capacity 656K, committed 768K, reserved 1048576K
}
Event: 10.106 GC heap before
{Heap before GC invocations=5 (full 0):
 PSYoungGen      total 204800K, used 204798K [0x00000000eab00000, 0x00000000f7b00000, 0x0000000100000000)
  eden space 196608K, 100% used [0x00000000eab00000,0x00000000f6b00000,0x00000000f6b00000)
  from space 8192K, 99% used [0x00000000f7300000,0x00000000f7aff9b8,0x00000000f7b00000)
  to   space 8192K, 0% used [0x00000000f6b00000,0x00000000f6b00000,0x00000000f7300000)
 ParOldGen       total 131072K, used 42365K [0x00000000c0000000, 0x00000000c8000000, 0x00000000eab00000)
  object space 131072K, 32% used [0x00000000c0000000,0x00000000c295f778,0x00000000c8000000)
 Metaspace       used 6573K, capacity 7256K, committed 7424K, reserved 1056768K
  class space    used 628K, capacity 656K, committed 768K, reserved 1048576K
Event: 10.275 GC heap after
Heap after GC invocations=5 (full 0):
 PSYoungGen      total 204800K, used 204798K [0x00000000eab00000, 0x00000000f7b00000, 0x0000000100000000)
  eden space 196608K, 100% used [0x00000000eab00000,0x00000000f6b00000,0x00000000f6b00000)
  from space 8192K, 99% used [0x00000000f7300000,0x00000000f7aff9b8,0x00000000f7b00000)
  to   space 8192K, 99% used [0x00000000f6b00000,0x00000000f72fc1d8,0x00000000f7300000)
 ParOldGen       total 153088K, used 152928K [0x00000000c0000000, 0x00000000c9580000, 0x00000000eab00000)
  object space 153088K, 99% used [0x00000000c0000000,0x00000000c9558068,0x00000000c9580000)
 Metaspace       used 6573K, capacity 7256K, committed 7424K, reserved 1056768K
  class space    used 628K, capacity 656K, committed 768K, reserved 1048576K
}
Event: 10.275 GC heap before
{Heap before GC invocations=6 (full 1):
 PSYoungGen      total 204800K, used 204798K [0x00000000eab00000, 0x00000000f7b00000, 0x0000000100000000)
  eden space 196608K, 100% used [0x00000000eab00000,0x00000000f6b00000,0x00000000f6b00000)
  from space 8192K, 99% used [0x00000000f7300000,0x00000000f7aff9b8,0x00000000f7b00000)
  to   space 8192K, 99% used [0x00000000f6b00000,0x00000000f72fc1d8,0x00000000f7300000)
 ParOldGen       total 153088K, used 152928K [0x00000000c0000000, 0x00000000c9580000, 0x00000000eab00000)
  object space 153088K, 99% used [0x00000000c0000000,0x00000000c9558068,0x00000000c9580000)
 Metaspace       used 6573K, capacity 7256K, committed 7424K, reserved 1056768K
  class space    used 628K, capacity 656K, committed 768K, reserved 1048576K
Event: 10.854 GC heap after
Heap after GC invocations=6 (full 1):
 PSYoungGen      total 204800K, used 0K [0x00000000eab00000, 0x00000000f7b00000, 0x0000000100000000)
  eden space 196608K, 0% used [0x00000000eab00000,0x00000000eab00000,0x00000000f6b00000)
  from space 8192K, 0% used [0x00000000f7300000,0x00000000f7300000,0x00000000f7b00000)
  to   space 8192K, 0% used [0x00000000f6b00000,0x00000000f6b00000,0x00000000f7300000)
 ParOldGen       total 236032K, used 147988K [0x00000000c0000000, 0x00000000ce680000, 0x00000000eab00000)
  object space 236032K, 62% used [0x00000000c0000000,0x00000000c9085328,0x00000000ce680000)
 Metaspace       used 6573K, capacity 7256K, committed 7424K, reserved 1056768K
  class space    used 628K, capacity 656K, committed 768K, reserved 1048576K
}
Event: 11.127 GC heap before
{Heap before GC invocations=7 (full 1):
 PSYoungGen      total 204800K, used 196608K [0x00000000eab00000, 0x00000000f7b00000, 0x0000000100000000)
  eden space 196608K, 100% used [0x00000000eab00000,0x00000000f6b00000,0x00000000f6b00000)
  from space 8192K, 0% used [0x00000000f7300000,0x00000000f7300000,0x00000000f7b00000)
  to   space 8192K, 0% used [0x00000000f6b00000,0x00000000f6b00000,0x00000000f7300000)
 ParOldGen       total 236032K, used 147988K [0x00000000c0000000, 0x00000000ce680000, 0x00000000eab00000)
  object space 236032K, 62% used [0x00000000c0000000,0x00000000c9085328,0x00000000ce680000)
 Metaspace       used 6591K, capacity 7256K, committed 7424K, reserved 1056768K
  class space    used 630K, capacity 656K, committed 768K, reserved 1048576K
Event: 11.157 GC heap after
Heap after GC invocations=7 (full 1):
 PSYoungGen      total 204800K, used 8185K [0x00000000eab00000, 0x0000000100000000, 0x0000000100000000)
  eden space 196608K, 0% used [0x00000000eab00000,0x00000000eab00000,0x00000000f6b00000)
  from space 8192K, 99% used [0x00000000f6b00000,0x00000000f72fe540,0x00000000f7300000)
  to   space 67072K, 0% used [0x00000000fbe80000,0x00000000fbe80000,0x0000000100000000)
 ParOldGen       total 236032K, used 206369K [0x00000000c0000000, 0x00000000ce680000, 0x00000000eab00000)
  object space 236032K, 87% used [0x00000000c0000000,0x00000000cc988720,0x00000000ce680000)
 Metaspace       used 6591K, capacity 7256K, committed 7424K, reserved 1056768K
  class space    used 630K, capacity 656K, committed 768K, reserved 1048576K
}
Event: 11.157 GC heap before
{Heap before GC invocations=8 (full 2):
 PSYoungGen      total 204800K, used 8185K [0x00000000eab00000, 0x0000000100000000, 0x0000000100000000)
  eden space 196608K, 0% used [0x00000000eab00000,0x00000000eab00000,0x00000000f6b00000)
  from space 8192K, 99% used [0x00000000f6b00000,0x00000000f72fe540,0x00000000f7300000)
  to   space 67072K, 0% used [0x00000000fbe80000,0x00000000fbe80000,0x0000000100000000)
 ParOldGen       total 236032K, used 206369K [0x00000000c0000000, 0x00000000ce680000, 0x00000000eab00000)
  object space 236032K, 87% used [0x00000000c0000000,0x00000000cc988720,0x00000000ce680000)
 Metaspace       used 6591K, capacity 7256K, committed 7424K, reserved 1056768K
  class space    used 630K, capacity 656K, committed 768K, reserved 1048576K
Event: 11.416 GC heap after
Heap after GC invocations=8 (full 2):
 PSYoungGen      total 204800K, used 0K [0x00000000eab00000, 0x0000000100000000, 0x0000000100000000)
  eden space 196608K, 0% used [0x00000000eab00000,0x00000000eab00000,0x00000000f6b00000)
  from space 8192K, 0% used [0x00000000f6b00000,0x00000000f6b00000,0x00000000f7300000)
  to   space 67072K, 0% used [0x00000000fbe80000,0x00000000fbe80000,0x0000000100000000)
 ParOldGen       total 236032K, used 209028K [0x00000000c0000000, 0x00000000ce680000, 0x00000000eab00000)
  object space 236032K, 88% used [0x00000000c0000000,0x00000000ccc211e8,0x00000000ce680000)
 Metaspace       used 6591K, capacity 7256K, committed 7424K, reserved 1056768K
  class space    used 630K, capacity 656K, committed 768K, reserved 1048576K
}

