# JRE version: Java(TM) SE Runtime Environment (8.0_92-b14) (build 1.8.0_92-b14)
# Java VM: Java HotSpot(TM) 64-Bit Server VM (25.92-b14 mixed mode windows-amd64 compressed oops)
Heap:
 PSYoungGen      total 228864K, used 145390K [0x00000000eab00000, 0x0000000100000000, 0x0000000100000000)
  eden space 114688K, 27% used [0x00000000eab00000,0x00000000ec982728,0x00000000f1b00000)
  from space 114176K, 99% used [0x00000000f8c80000,0x00000000ffbf94a8,0x00000000ffc00000)
  to   space 116224K, 0% used [0x00000000f1b00000,0x00000000f1b00000,0x00000000f8c80000)
 ParOldGen       total 431104K, used 270275K [0x00000000c0000000, 0x00000000da500000, 0x00000000eab00000)
  object space 431104K, 62% used [0x00000000c0000000,0x00000000d07f0e00,0x00000000da500000)
 Metaspace       used 6616K, capacity 7256K, committed 7424K, reserved 1056768K
  class space    used 629K, capacity 656K, committed 768K, reserved 1048576K
GC Heap History (10 events):
Event: 16.169 GC heap before
{Heap before GC invocations=15 (full 2):
 PSYoungGen      total 232960K, used 158561K [0x00000000eab00000, 0x0000000100000000, 0x0000000100000000)
  eden space 116736K, 100% used [0x00000000eab00000,0x00000000f1d00000,0x00000000f1d00000)
  from space 116224K, 35% used [0x00000000f8e80000,0x00000000fb7585c8,0x0000000100000000)
  to   space 116224K, 0% used [0x00000000f1d00000,0x00000000f1d00000,0x00000000f8e80000)
 ParOldGen       total 351744K, used 247247K [0x00000000c0000000, 0x00000000d5780000, 0x00000000eab00000)
  object space 351744K, 70% used [0x00000000c0000000,0x00000000cf173ce8,0x00000000d5780000)
 Metaspace       used 6614K, capacity 7256K, committed 7424K, reserved 1056768K
  class space    used 629K, capacity 656K, committed 768K, reserved 1048576K
Event: 16.324 GC heap after
Heap after GC invocations=15 (full 2):
 PSYoungGen      total 232960K, used 31323K [0x00000000eab00000, 0x0000000100000000, 0x0000000100000000)
  eden space 116736K, 0% used [0x00000000eab00000,0x00000000eab00000,0x00000000f1d00000)
  from space 116224K, 26% used [0x00000000f1d00000,0x00000000f3b96f40,0x00000000f8e80000)
  to   space 116224K, 0% used [0x00000000f8e80000,0x00000000f8e80000,0x0000000100000000)
 ParOldGen       total 351744K, used 287406K [0x00000000c0000000, 0x00000000d5780000, 0x00000000eab00000)
  object space 351744K, 81% used [0x00000000c0000000,0x00000000d18abb88,0x00000000d5780000)
 Metaspace       used 6614K, capacity 7256K, committed 7424K, reserved 1056768K
  class space    used 629K, capacity 656K, committed 768K, reserved 1048576K
}
Event: 16.324 GC heap before
{Heap before GC invocations=16 (full 3):
 PSYoungGen      total 232960K, used 31323K [0x00000000eab00000, 0x0000000100000000, 0x0000000100000000)
  eden space 116736K, 0% used [0x00000000eab00000,0x00000000eab00000,0x00000000f1d00000)
  from space 116224K, 26% used [0x00000000f1d00000,0x00000000f3b96f40,0x00000000f8e80000)
  to   space 116224K, 0% used [0x00000000f8e80000,0x00000000f8e80000,0x0000000100000000)
 ParOldGen       total 351744K, used 287406K [0x00000000c0000000, 0x00000000d5780000, 0x00000000eab00000)
  object space 351744K, 81% used [0x00000000c0000000,0x00000000d18abb88,0x00000000d5780000)
 Metaspace       used 6614K, capacity 7256K, committed 7424K, reserved 1056768K
  class space    used 629K, capacity 656K, committed 768K, reserved 1048576K
Event: 17.441 GC heap after
Heap after GC invocations=16 (full 3):
 PSYoungGen      total 232960K, used 0K [0x00000000eab00000, 0x0000000100000000, 0x0000000100000000)
  eden space 116736K, 0% used [0x00000000eab00000,0x00000000eab00000,0x00000000f1d00000)
  from space 116224K, 0% used [0x00000000f1d00000,0x00000000f1d00000,0x00000000f8e80000)
  to   space 116224K, 0% used [0x00000000f8e80000,0x00000000f8e80000,0x0000000100000000)
 ParOldGen       total 431104K, used 229462K [0x00000000c0000000, 0x00000000da500000, 0x00000000eab00000)
  object space 431104K, 53% used [0x00000000c0000000,0x00000000ce015850,0x00000000da500000)
 Metaspace       used 6614K, capacity 7256K, committed 7424K, reserved 1056768K
  class space    used 629K, capacity 656K, committed 768K, reserved 1048576K
}
Event: 17.670 GC heap before
{Heap before GC invocations=17 (full 3):
 PSYoungGen      total 232960K, used 116736K [0x00000000eab00000, 0x0000000100000000, 0x0000000100000000)
  eden space 116736K, 100% used [0x00000000eab00000,0x00000000f1d00000,0x00000000f1d00000)
  from space 116224K, 0% used [0x00000000f1d00000,0x00000000f1d00000,0x00000000f8e80000)
  to   space 116224K, 0% used [0x00000000f8e80000,0x00000000f8e80000,0x0000000100000000)
 ParOldGen       total 431104K, used 229462K [0x00000000c0000000, 0x00000000da500000, 0x00000000eab00000)
  object space 431104K, 53% used [0x00000000c0000000,0x00000000ce015850,0x00000000da500000)
 Metaspace       used 6616K, capacity 7256K, committed 7424K, reserved 1056768K
  class space    used 629K, capacity 656K, committed 768K, reserved 1048576K
Event: 17.702 GC heap after
Heap after GC invocations=17 (full 3):
 PSYoungGen      total 232960K, used 39389K [0x00000000eab00000, 0x0000000100000000, 0x0000000100000000)
  eden space 116736K, 0% used [0x00000000eab00000,0x00000000eab00000,0x00000000f1d00000)
  from space 116224K, 33% used [0x00000000f8e80000,0x00000000fb4f7590,0x0000000100000000)
  to   space 116224K, 0% used [0x00000000f1d00000,0x00000000f1d00000,0x00000000f8e80000)
 ParOldGen       total 431104K, used 229470K [0x00000000c0000000, 0x00000000da500000, 0x00000000eab00000)
  object space 431104K, 53% used [0x00000000c0000000,0x00000000ce017850,0x00000000da500000)
 Metaspace       used 6616K, capacity 7256K, committed 7424K, reserved 1056768K
  class space    used 629K, capacity 656K, committed 768K, reserved 1048576K
}
Event: 17.961 GC heap before
{Heap before GC invocations=18 (full 3):
 PSYoungGen      total 232960K, used 156125K [0x00000000eab00000, 0x0000000100000000, 0x0000000100000000)
  eden space 116736K, 100% used [0x00000000eab00000,0x00000000f1d00000,0x00000000f1d00000)
  from space 116224K, 33% used [0x00000000f8e80000,0x00000000fb4f7590,0x0000000100000000)
  to   space 116224K, 0% used [0x00000000f1d00000,0x00000000f1d00000,0x00000000f8e80000)
 ParOldGen       total 431104K, used 229470K [0x00000000c0000000, 0x00000000da500000, 0x00000000eab00000)
  object space 431104K, 53% used [0x00000000c0000000,0x00000000ce017850,0x00000000da500000)
 Metaspace       used 6616K, capacity 7256K, committed 7424K, reserved 1056768K
  class space    used 629K, capacity 656K, committed 768K, reserved 1048576K
Event: 18.012 GC heap after
Heap after GC invocations=18 (full 3):
 PSYoungGen      total 162816K, used 45698K [0x00000000eab00000, 0x00000000ffc00000, 0x0000000100000000)
  eden space 116736K, 0% used [0x00000000eab00000,0x00000000eab00000,0x00000000f1d00000)
  from space 46080K, 99% used [0x00000000f1d00000,0x00000000f49a0988,0x00000000f4a00000)
  to   space 114176K, 0% used [0x00000000f8c80000,0x00000000f8c80000,0x00000000ffc00000)
 ParOldGen       total 431104K, used 268499K [0x00000000c0000000, 0x00000000da500000, 0x00000000eab00000)
  object space 431104K, 62% used [0x00000000c0000000,0x00000000d0634e00,0x00000000da500000)
 Metaspace       used 6616K, capacity 7256K, committed 7424K, reserved 1056768K
  class space    used 629K, capacity 656K, committed 768K, reserved 1048576K
}
Event: 18.069 GC heap before
{Heap before GC invocations=19 (full 3):
 PSYoungGen      total 162816K, used 162434K [0x00000000eab00000, 0x00000000ffc00000, 0x0000000100000000)
  eden space 116736K, 100% used [0x00000000eab00000,0x00000000f1d00000,0x00000000f1d00000)
  from space 46080K, 99% used [0x00000000f1d00000,0x00000000f49a0988,0x00000000f4a00000)
  to   space 114176K, 0% used [0x00000000f8c80000,0x00000000f8c80000,0x00000000ffc00000)
 ParOldGen       total 431104K, used 268499K [0x00000000c0000000, 0x00000000da500000, 0x00000000eab00000)
  object space 431104K, 62% used [0x00000000c0000000,0x00000000d0634e00,0x00000000da500000)
 Metaspace       used 6616K, capacity 7256K, committed 7424K, reserved 1056768K
  class space    used 629K, capacity 656K, committed 768K, reserved 1048576K
Event: 18.111 GC heap after
Heap after GC invocations=19 (full 3):
 PSYoungGen      total 228864K, used 114149K [0x00000000eab00000, 0x0000000100000000, 0x0000000100000000)
  eden space 114688K, 0% used [0x00000000eab00000,0x00000000eab00000,0x00000000f1b00000)
  from space 114176K, 99% used [0x00000000f8c80000,0x00000000ffbf94a8,0x00000000ffc00000)
  to   space 116224K, 0% used [0x00000000f1b00000,0x00000000f1b00000,0x00000000f8c80000)
 ParOldGen       total 431104K, used 270275K [0x00000000c0000000, 0x00000000da500000, 0x00000000eab00000)
  object space 431104K, 62% used [0x00000000c0000000,0x00000000d07f0e00,0x00000000da500000)
 Metaspace       used 6616K, capacity 7256K, committed 7424K, reserved 1056768K
  class space    used 629K, capacity 656K, committed 768K, reserved 1048576K
}

