# JRE version: Java(TM) SE Runtime Environment (8.0_92-b14) (build 1.8.0_92-b14)
# Java VM: Java HotSpot(TM) 64-Bit Server VM (25.92-b14 mixed mode windows-amd64 compressed oops)
Heap:
 PSYoungGen      total 229888K, used 91952K [0x00000000eab00000, 0x0000000100000000, 0x0000000100000000)
  eden space 182784K, 24% used [0x00000000eab00000,0x00000000ed6cd378,0x00000000f5d80000)
  from space 47104K, 99% used [0x00000000f5d80000,0x00000000f8b7ed60,0x00000000f8b80000)
  to   space 65024K, 0% used [0x00000000fc080000,0x00000000fc080000,0x0000000100000000)
 ParOldGen       total 131072K, used 83559K [0x00000000c0000000, 0x00000000c8000000, 0x00000000eab00000)
  object space 131072K, 63% used [0x00000000c0000000,0x00000000c5199cd0,0x00000000c8000000)
 Metaspace       used 6345K, capacity 7256K, committed 7424K, reserved 1056768K
  class space    used 611K, capacity 656K, committed 768K, reserved 1048576K
GC Heap History (10 events):
Event: 2.553 GC heap before
{Heap before GC invocations=3 (full 0):
 PSYoungGen      total 57344K, used 57312K [0x00000000eab00000, 0x00000000eeb00000, 0x0000000100000000)
  eden space 49152K, 100% used [0x00000000eab00000,0x00000000edb00000,0x00000000edb00000)
  from space 8192K, 99% used [0x00000000ee300000,0x00000000eeaf80e8,0x00000000eeb00000)
  to   space 8192K, 0% used [0x00000000edb00000,0x00000000edb00000,0x00000000ee300000)
 ParOldGen       total 131072K, used 8295K [0x00000000c0000000, 0x00000000c8000000, 0x00000000eab00000)
  object space 131072K, 6% used [0x00000000c0000000,0x00000000c0819e40,0x00000000c8000000)
 Metaspace       used 6054K, capacity 7088K, committed 7296K, reserved 1056768K
  class space    used 579K, capacity 616K, committed 640K, reserved 1048576K
Event: 2.564 GC heap after
Heap after GC invocations=3 (full 0):
 PSYoungGen      total 57344K, used 8190K [0x00000000eab00000, 0x00000000f1b00000, 0x0000000100000000)
  eden space 49152K, 0% used [0x00000000eab00000,0x00000000eab00000,0x00000000edb00000)
  from space 8192K, 99% used [0x00000000edb00000,0x00000000ee2ff908,0x00000000ee300000)
  to   space 8192K, 0% used [0x00000000f1300000,0x00000000f1300000,0x00000000f1b00000)
 ParOldGen       total 131072K, used 16167K [0x00000000c0000000, 0x00000000c8000000, 0x00000000eab00000)
  object space 131072K, 12% used [0x00000000c0000000,0x00000000c0fc9e40,0x00000000c8000000)
 Metaspace       used 6054K, capacity 7088K, committed 7296K, reserved 1056768K
  class space    used 579K, capacity 616K, committed 640K, reserved 1048576K
}
Event: 3.395 GC heap before
{Heap before GC invocations=4 (full 0):
 PSYoungGen      total 57344K, used 57342K [0x00000000eab00000, 0x00000000f1b00000, 0x0000000100000000)
  eden space 49152K, 100% used [0x00000000eab00000,0x00000000edb00000,0x00000000edb00000)
  from space 8192K, 99% used [0x00000000edb00000,0x00000000ee2ff908,0x00000000ee300000)
  to   space 8192K, 0% used [0x00000000f1300000,0x00000000f1300000,0x00000000f1b00000)
 ParOldGen       total 131072K, used 16167K [0x00000000c0000000, 0x00000000c8000000, 0x00000000eab00000)
  object space 131072K, 12% used [0x00000000c0000000,0x00000000c0fc9e40,0x00000000c8000000)
 Metaspace       used 6102K, capacity 7088K, committed 7296K, reserved 1056768K
  class space    used 580K, capacity 616K, committed 640K, reserved 1048576K
Event: 3.408 GC heap after
Heap after GC invocations=4 (full 0):
 PSYoungGen      total 106496K, used 8181K [0x00000000eab00000, 0x00000000f1b00000, 0x0000000100000000)
  eden space 98304K, 0% used [0x00000000eab00000,0x00000000eab00000,0x00000000f0b00000)
  from space 8192K, 99% used [0x00000000f1300000,0x00000000f1afd6e0,0x00000000f1b00000)
  to   space 8192K, 0% used [0x00000000f0b00000,0x00000000f0b00000,0x00000000f1300000)
 ParOldGen       total 131072K, used 24275K [0x00000000c0000000, 0x00000000c8000000, 0x00000000eab00000)
  object space 131072K, 18% used [0x00000000c0000000,0x00000000c17b4e60,0x00000000c8000000)
 Metaspace       used 6102K, capacity 7088K, committed 7296K, reserved 1056768K
  class space    used 580K, capacity 616K, committed 640K, reserved 1048576K
}
Event: 4.570 GC heap before
{Heap before GC invocations=5 (full 0):
 PSYoungGen      total 106496K, used 106485K [0x00000000eab00000, 0x00000000f1b00000, 0x0000000100000000)
  eden space 98304K, 100% used [0x00000000eab00000,0x00000000f0b00000,0x00000000f0b00000)
  from space 8192K, 99% used [0x00000000f1300000,0x00000000f1afd6e0,0x00000000f1b00000)
  to   space 8192K, 0% used [0x00000000f0b00000,0x00000000f0b00000,0x00000000f1300000)
 ParOldGen       total 131072K, used 24275K [0x00000000c0000000, 0x00000000c8000000, 0x00000000eab00000)
  object space 131072K, 18% used [0x00000000c0000000,0x00000000c17b4e60,0x00000000c8000000)
 Metaspace       used 6155K, capacity 7152K, committed 7296K, reserved 1056768K
  class space    used 584K, capacity 616K, committed 640K, reserved 1048576K
Event: 4.596 GC heap after
Heap after GC invocations=5 (full 0):
 PSYoungGen      total 106496K, used 8161K [0x00000000eab00000, 0x00000000fac00000, 0x0000000100000000)
  eden space 98304K, 0% used [0x00000000eab00000,0x00000000eab00000,0x00000000f0b00000)
  from space 8192K, 99% used [0x00000000f0b00000,0x00000000f12f86d0,0x00000000f1300000)
  to   space 33280K, 0% used [0x00000000f8b80000,0x00000000f8b80000,0x00000000fac00000)
 ParOldGen       total 131072K, used 51632K [0x00000000c0000000, 0x00000000c8000000, 0x00000000eab00000)
  object space 131072K, 39% used [0x00000000c0000000,0x00000000c326c1a0,0x00000000c8000000)
 Metaspace       used 6155K, capacity 7152K, committed 7296K, reserved 1056768K
  class space    used 584K, capacity 616K, committed 640K, reserved 1048576K
}
Event: 4.802 GC heap before
{Heap before GC invocations=6 (full 0):
 PSYoungGen      total 106496K, used 106465K [0x00000000eab00000, 0x00000000fac00000, 0x0000000100000000)
  eden space 98304K, 100% used [0x00000000eab00000,0x00000000f0b00000,0x00000000f0b00000)
  from space 8192K, 99% used [0x00000000f0b00000,0x00000000f12f86d0,0x00000000f1300000)
  to   space 33280K, 0% used [0x00000000f8b80000,0x00000000f8b80000,0x00000000fac00000)
 ParOldGen       total 131072K, used 51632K [0x00000000c0000000, 0x00000000c8000000, 0x00000000eab00000)
  object space 131072K, 39% used [0x00000000c0000000,0x00000000c326c1a0,0x00000000c8000000)
 Metaspace       used 6183K, capacity 7152K, committed 7296K, reserved 1056768K
  class space    used 586K, capacity 616K, committed 640K, reserved 1048576K
Event: 4.838 GC heap after
Heap after GC invocations=6 (full 0):
 PSYoungGen      total 216064K, used 33265K [0x00000000eab00000, 0x00000000fc700000, 0x0000000100000000)
  eden space 182784K, 0% used [0x00000000eab00000,0x00000000eab00000,0x00000000f5d80000)
  from space 33280K, 99% used [0x00000000f8b80000,0x00000000fabfc740,0x00000000fac00000)
  to   space 47104K, 0% used [0x00000000f5d80000,0x00000000f5d80000,0x00000000f8b80000)
 ParOldGen       total 131072K, used 65651K [0x00000000c0000000, 0x00000000c8000000, 0x00000000eab00000)
  object space 131072K, 50% used [0x00000000c0000000,0x00000000c401cfc0,0x00000000c8000000)
 Metaspace       used 6183K, capacity 7152K, committed 7296K, reserved 1056768K
  class space    used 586K, capacity 616K, committed 640K, reserved 1048576K
}
Event: 5.505 GC heap before
{Heap before GC invocations=7 (full 0):
 PSYoungGen      total 216064K, used 216049K [0x00000000eab00000, 0x00000000fc700000, 0x0000000100000000)
  eden space 182784K, 100% used [0x00000000eab00000,0x00000000f5d80000,0x00000000f5d80000)
  from space 33280K, 99% used [0x00000000f8b80000,0x00000000fabfc740,0x00000000fac00000)
  to   space 47104K, 0% used [0x00000000f5d80000,0x00000000f5d80000,0x00000000f8b80000)
 ParOldGen       total 131072K, used 65651K [0x00000000c0000000, 0x00000000c8000000, 0x00000000eab00000)
  object space 131072K, 50% used [0x00000000c0000000,0x00000000c401cfc0,0x00000000c8000000)
 Metaspace       used 6338K, capacity 7256K, committed 7424K, reserved 1056768K
  class space    used 610K, capacity 656K, committed 768K, reserved 1048576K
Event: 5.557 GC heap after
Heap after GC invocations=7 (full 0):
 PSYoungGen      total 229888K, used 47099K [0x00000000eab00000, 0x0000000100000000, 0x0000000100000000)
  eden space 182784K, 0% used [0x00000000eab00000,0x00000000eab00000,0x00000000f5d80000)
  from space 47104K, 99% used [0x00000000f5d80000,0x00000000f8b7ed60,0x00000000f8b80000)
  to   space 65024K, 0% used [0x00000000fc080000,0x00000000fc080000,0x0000000100000000)
 ParOldGen       total 131072K, used 83559K [0x00000000c0000000, 0x00000000c8000000, 0x00000000eab00000)
  object space 131072K, 63% used [0x00000000c0000000,0x00000000c5199cd0,0x00000000c8000000)
 Metaspace       used 6338K, capacity 7256K, committed 7424K, reserved 1056768K
  class space    used 610K, capacity 656K, committed 768K, reserved 1048576K
}

