# JRE version: Java(TM) SE Runtime Environment (8.0_92-b14) (build 1.8.0_92-b14)
# Java VM: Java HotSpot(TM) 64-Bit Server VM (25.92-b14 mixed mode windows-amd64 compressed oops)
Heap:
 PSYoungGen      total 232960K, used 81681K [0x00000000eab00000, 0x0000000100000000, 0x0000000100000000)
  eden space 116736K, 52% used [0x00000000eab00000,0x00000000ee64b3c8,0x00000000f1d00000)
  from space 116224K, 18% used [0x00000000f8e80000,0x00000000fa2f9358,0x0000000100000000)
  to   space 116224K, 0% used [0x00000000f1d00000,0x00000000f1d00000,0x00000000f8e80000)
 ParOldGen       total 450560K, used 256123K [0x00000000c0000000, 0x00000000db800000, 0x00000000eab00000)
  object space 450560K, 56% used [0x00000000c0000000,0x00000000cfa1ef48,0x00000000db800000)
 Metaspace       used 6896K, capacity 7544K, committed 7680K, reserved 1056768K
  class space    used 648K, capacity 688K, committed 768K, reserved 1048576K
GC Heap History (10 events):
Event: 13.980 GC heap before
{Heap before GC invocations=15 (full 2):
 PSYoungGen      total 232960K, used 140754K [0x00000000eab00000, 0x0000000100000000, 0x0000000100000000)
  eden space 116736K, 100% used [0x00000000eab00000,0x00000000f1d00000,0x00000000f1d00000)
  from space 116224K, 20% used [0x00000000f8e80000,0x00000000fa5f48e8,0x0000000100000000)
  to   space 116224K, 0% used [0x00000000f1d00000,0x00000000f1d00000,0x00000000f8e80000)
 ParOldGen       total 399872K, used 245346K [0x00000000c0000000, 0x00000000d8680000, 0x00000000eab00000)
  object space 399872K, 61% used [0x00000000c0000000,0x00000000cef988f8,0x00000000d8680000)
 Metaspace       used 6550K, capacity 7256K, committed 7424K, reserved 1056768K
  class space    used 630K, capacity 656K, committed 768K, reserved 1048576K
Event: 14.054 GC heap after
Heap after GC invocations=15 (full 2):
 PSYoungGen      total 232960K, used 63005K [0x00000000eab00000, 0x0000000100000000, 0x0000000100000000)
  eden space 116736K, 0% used [0x00000000eab00000,0x00000000eab00000,0x00000000f1d00000)
  from space 116224K, 54% used [0x00000000f1d00000,0x00000000f5a877d8,0x00000000f8e80000)
  to   space 116224K, 0% used [0x00000000f8e80000,0x00000000f8e80000,0x0000000100000000)
 ParOldGen       total 399872K, used 269309K [0x00000000c0000000, 0x00000000d8680000, 0x00000000eab00000)
  object space 399872K, 67% used [0x00000000c0000000,0x00000000d06ff718,0x00000000d8680000)
 Metaspace       used 6550K, capacity 7256K, committed 7424K, reserved 1056768K
  class space    used 630K, capacity 656K, committed 768K, reserved 1048576K
}
Event: 14.299 GC heap before
{Heap before GC invocations=16 (full 2):
 PSYoungGen      total 232960K, used 179741K [0x00000000eab00000, 0x0000000100000000, 0x0000000100000000)
  eden space 116736K, 100% used [0x00000000eab00000,0x00000000f1d00000,0x00000000f1d00000)
  from space 116224K, 54% used [0x00000000f1d00000,0x00000000f5a877d8,0x00000000f8e80000)
  to   space 116224K, 0% used [0x00000000f8e80000,0x00000000f8e80000,0x0000000100000000)
 ParOldGen       total 399872K, used 269309K [0x00000000c0000000, 0x00000000d8680000, 0x00000000eab00000)
  object space 399872K, 67% used [0x00000000c0000000,0x00000000d06ff718,0x00000000d8680000)
 Metaspace       used 6553K, capacity 7256K, committed 7424K, reserved 1056768K
  class space    used 630K, capacity 656K, committed 768K, reserved 1048576K
Event: 14.343 GC heap after
Heap after GC invocations=16 (full 2):
 PSYoungGen      total 232960K, used 29519K [0x00000000eab00000, 0x0000000100000000, 0x0000000100000000)
  eden space 116736K, 0% used [0x00000000eab00000,0x00000000eab00000,0x00000000f1d00000)
  from space 116224K, 25% used [0x00000000f8e80000,0x00000000fab53e80,0x0000000100000000)
  to   space 116224K, 0% used [0x00000000f1d00000,0x00000000f1d00000,0x00000000f8e80000)
 ParOldGen       total 399872K, used 334873K [0x00000000c0000000, 0x00000000d8680000, 0x00000000eab00000)
  object space 399872K, 83% used [0x00000000c0000000,0x00000000d47064b0,0x00000000d8680000)
 Metaspace       used 6553K, capacity 7256K, committed 7424K, reserved 1056768K
  class space    used 630K, capacity 656K, committed 768K, reserved 1048576K
}
Event: 14.343 GC heap before
{Heap before GC invocations=17 (full 3):
 PSYoungGen      total 232960K, used 29519K [0x00000000eab00000, 0x0000000100000000, 0x0000000100000000)
  eden space 116736K, 0% used [0x00000000eab00000,0x00000000eab00000,0x00000000f1d00000)
  from space 116224K, 25% used [0x00000000f8e80000,0x00000000fab53e80,0x0000000100000000)
  to   space 116224K, 0% used [0x00000000f1d00000,0x00000000f1d00000,0x00000000f8e80000)
 ParOldGen       total 399872K, used 334873K [0x00000000c0000000, 0x00000000d8680000, 0x00000000eab00000)
  object space 399872K, 83% used [0x00000000c0000000,0x00000000d47064b0,0x00000000d8680000)
 Metaspace       used 6553K, capacity 7256K, committed 7424K, reserved 1056768K
  class space    used 630K, capacity 656K, committed 768K, reserved 1048576K
Event: 15.538 GC heap after
Heap after GC invocations=17 (full 3):
 PSYoungGen      total 232960K, used 0K [0x00000000eab00000, 0x0000000100000000, 0x0000000100000000)
  eden space 116736K, 0% used [0x00000000eab00000,0x00000000eab00000,0x00000000f1d00000)
  from space 116224K, 0% used [0x00000000f8e80000,0x00000000f8e80000,0x0000000100000000)
  to   space 116224K, 0% used [0x00000000f1d00000,0x00000000f1d00000,0x00000000f8e80000)
 ParOldGen       total 450560K, used 221873K [0x00000000c0000000, 0x00000000db800000, 0x00000000eab00000)
  object space 450560K, 49% used [0x00000000c0000000,0x00000000cd8ac608,0x00000000db800000)
 Metaspace       used 6553K, capacity 7256K, committed 7424K, reserved 1056768K
  class space    used 630K, capacity 656K, committed 768K, reserved 1048576K
}
Event: 15.707 GC heap before
{Heap before GC invocations=18 (full 3):
 PSYoungGen      total 232960K, used 116736K [0x00000000eab00000, 0x0000000100000000, 0x0000000100000000)
  eden space 116736K, 100% used [0x00000000eab00000,0x00000000f1d00000,0x00000000f1d00000)
  from space 116224K, 0% used [0x00000000f8e80000,0x00000000f8e80000,0x0000000100000000)
  to   space 116224K, 0% used [0x00000000f1d00000,0x00000000f1d00000,0x00000000f8e80000)
 ParOldGen       total 450560K, used 221873K [0x00000000c0000000, 0x00000000db800000, 0x00000000eab00000)
  object space 450560K, 49% used [0x00000000c0000000,0x00000000cd8ac608,0x00000000db800000)
 Metaspace       used 6556K, capacity 7256K, committed 7424K, reserved 1056768K
  class space    used 630K, capacity 656K, committed 768K, reserved 1048576K
Event: 15.746 GC heap after
Heap after GC invocations=18 (full 3):
 PSYoungGen      total 232960K, used 35975K [0x00000000eab00000, 0x0000000100000000, 0x0000000100000000)
  eden space 116736K, 0% used [0x00000000eab00000,0x00000000eab00000,0x00000000f1d00000)
  from space 116224K, 30% used [0x00000000f1d00000,0x00000000f4021c90,0x00000000f8e80000)
  to   space 116224K, 0% used [0x00000000f8e80000,0x00000000f8e80000,0x0000000100000000)
 ParOldGen       total 450560K, used 221881K [0x00000000c0000000, 0x00000000db800000, 0x00000000eab00000)
  object space 450560K, 49% used [0x00000000c0000000,0x00000000cd8ae608,0x00000000db800000)
 Metaspace       used 6556K, capacity 7256K, committed 7424K, reserved 1056768K
  class space    used 630K, capacity 656K, committed 768K, reserved 1048576K
}
Event: 16.080 GC heap before
{Heap before GC invocations=19 (full 3):
 PSYoungGen      total 232960K, used 152711K [0x00000000eab00000, 0x0000000100000000, 0x0000000100000000)
  eden space 116736K, 100% used [0x00000000eab00000,0x00000000f1d00000,0x00000000f1d00000)
  from space 116224K, 30% used [0x00000000f1d00000,0x00000000f4021c90,0x00000000f8e80000)
  to   space 116224K, 0% used [0x00000000f8e80000,0x00000000f8e80000,0x0000000100000000)
 ParOldGen       total 450560K, used 221881K [0x00000000c0000000, 0x00000000db800000, 0x00000000eab00000)
  object space 450560K, 49% used [0x00000000c0000000,0x00000000cd8ae608,0x00000000db800000)
 Metaspace       used 6558K, capacity 7256K, committed 7424K, reserved 1056768K
  class space    used 630K, capacity 656K, committed 768K, reserved 1048576K
Event: 16.120 GC heap after
Heap after GC invocations=19 (full 3):
 PSYoungGen      total 232960K, used 20964K [0x00000000eab00000, 0x0000000100000000, 0x0000000100000000)
  eden space 116736K, 0% used [0x00000000eab00000,0x00000000eab00000,0x00000000f1d00000)
  from space 116224K, 18% used [0x00000000f8e80000,0x00000000fa2f9358,0x0000000100000000)
  to   space 116224K, 0% used [0x00000000f1d00000,0x00000000f1d00000,0x00000000f8e80000)
 ParOldGen       total 450560K, used 256123K [0x00000000c0000000, 0x00000000db800000, 0x00000000eab00000)
  object space 450560K, 56% used [0x00000000c0000000,0x00000000cfa1ef48,0x00000000db800000)
 Metaspace       used 6558K, capacity 7256K, committed 7424K, reserved 1056768K
  class space    used 630K, capacity 656K, committed 768K, reserved 1048576K
}

