# JRE version: Java(TM) SE Runtime Environment (8.0_92-b14) (build 1.8.0_92-b14)
# Java VM: Java HotSpot(TM) 64-Bit Server VM (25.92-b14 mixed mode windows-amd64 compressed oops)
Heap:
 PSYoungGen      total 290816K, used 232448K [0x00000000eab00000, 0x0000000100000000, 0x0000000100000000)
  eden space 232448K, 100% used [0x00000000eab00000,0x00000000f8e00000,0x00000000f8e00000)
  from space 58368K, 0% used [0x00000000f8e00000,0x00000000f8e00000,0x00000000fc700000)
  to   space 58368K, 0% used [0x00000000fc700000,0x00000000fc700000,0x0000000100000000)
 ParOldGen       total 131072K, used 130833K [0x00000000c0000000, 0x00000000c8000000, 0x00000000eab00000)
  object space 131072K, 99% used [0x00000000c0000000,0x00000000c7fc4520,0x00000000c8000000)
 Metaspace       used 6348K, capacity 7256K, committed 7424K, reserved 1056768K
  class space    used 611K, capacity 656K, committed 768K, reserved 1048576K
GC Heap History (10 events):
Event: 4.569 GC heap before
{Heap before GC invocations=7 (full 1):
 PSYoungGen      total 204800K, used 196608K [0x00000000eab00000, 0x0000000100000000, 0x0000000100000000)
  eden space 196608K, 100% used [0x00000000eab00000,0x00000000f6b00000,0x00000000f6b00000)
  from space 8192K, 0% used [0x00000000f6b00000,0x00000000f6b00000,0x00000000f7300000)
  to   space 53760K, 0% used [0x00000000fcb80000,0x00000000fcb80000,0x0000000100000000)
 ParOldGen       total 131072K, used 75822K [0x00000000c0000000, 0x00000000c8000000, 0x00000000eab00000)
  object space 131072K, 57% used [0x00000000c0000000,0x00000000c4a0b9c0,0x00000000c8000000)
 Metaspace       used 6344K, capacity 7256K, committed 7424K, reserved 1056768K
  class space    used 611K, capacity 656K, committed 768K, reserved 1048576K
Event: 4.592 GC heap after
Heap after GC invocations=7 (full 1):
 PSYoungGen      total 286208K, used 41328K [0x00000000eab00000, 0x0000000100000000, 0x0000000100000000)
  eden space 232448K, 0% used [0x00000000eab00000,0x00000000eab00000,0x00000000f8e00000)
  from space 53760K, 76% used [0x00000000fcb80000,0x00000000ff3dc390,0x0000000100000000)
  to   space 58368K, 0% used [0x00000000f8e00000,0x00000000f8e00000,0x00000000fc700000)
 ParOldGen       total 131072K, used 75830K [0x00000000c0000000, 0x00000000c8000000, 0x00000000eab00000)
  object space 131072K, 57% used [0x00000000c0000000,0x00000000c4a0d9c0,0x00000000c8000000)
 Metaspace       used 6344K, capacity 7256K, committed 7424K, reserved 1056768K
  class space    used 611K, capacity 656K, committed 768K, reserved 1048576K
}
Event: 5.046 GC heap before
{Heap before GC invocations=8 (full 1):
 PSYoungGen      total 286208K, used 273776K [0x00000000eab00000, 0x0000000100000000, 0x0000000100000000)
  eden space 232448K, 100% used [0x00000000eab00000,0x00000000f8e00000,0x00000000f8e00000)
  from space 53760K, 76% used [0x00000000fcb80000,0x00000000ff3dc390,0x0000000100000000)
  to   space 58368K, 0% used [0x00000000f8e00000,0x00000000f8e00000,0x00000000fc700000)
 ParOldGen       total 131072K, used 75830K [0x00000000c0000000, 0x00000000c8000000, 0x00000000eab00000)
  object space 131072K, 57% used [0x00000000c0000000,0x00000000c4a0d9c0,0x00000000c8000000)
 Metaspace       used 6346K, capacity 7256K, committed 7424K, reserved 1056768K
  class space    used 611K, capacity 656K, committed 768K, reserved 1048576K
Event: 5.104 GC heap after
Heap after GC invocations=8 (full 1):
 PSYoungGen      total 290816K, used 58344K [0x00000000eab00000, 0x0000000100000000, 0x0000000100000000)
  eden space 232448K, 0% used [0x00000000eab00000,0x00000000eab00000,0x00000000f8e00000)
  from space 58368K, 99% used [0x00000000f8e00000,0x00000000fc6fa030,0x00000000fc700000)
  to   space 58368K, 0% used [0x00000000fc700000,0x00000000fc700000,0x0000000100000000)
 ParOldGen       total 131072K, used 113977K [0x00000000c0000000, 0x00000000c8000000, 0x00000000eab00000)
  object space 131072K, 86% used [0x00000000c0000000,0x00000000c6f4e658,0x00000000c8000000)
 Metaspace       used 6346K, capacity 7256K, committed 7424K, reserved 1056768K
  class space    used 611K, capacity 656K, committed 768K, reserved 1048576K
}
Event: 5.104 GC heap before
{Heap before GC invocations=9 (full 2):
 PSYoungGen      total 290816K, used 58344K [0x00000000eab00000, 0x0000000100000000, 0x0000000100000000)
  eden space 232448K, 0% used [0x00000000eab00000,0x00000000eab00000,0x00000000f8e00000)
  from space 58368K, 99% used [0x00000000f8e00000,0x00000000fc6fa030,0x00000000fc700000)
  to   space 58368K, 0% used [0x00000000fc700000,0x00000000fc700000,0x0000000100000000)
 ParOldGen       total 131072K, used 113977K [0x00000000c0000000, 0x00000000c8000000, 0x00000000eab00000)
  object space 131072K, 86% used [0x00000000c0000000,0x00000000c6f4e658,0x00000000c8000000)
 Metaspace       used 6346K, capacity 7256K, committed 7424K, reserved 1056768K
  class space    used 611K, capacity 656K, committed 768K, reserved 1048576K
Event: 5.577 GC heap after
Heap after GC invocations=9 (full 2):
 PSYoungGen      total 290816K, used 23279K [0x00000000eab00000, 0x0000000100000000, 0x0000000100000000)
  eden space 232448K, 0% used [0x00000000eab00000,0x00000000eab00000,0x00000000f8e00000)
  from space 58368K, 39% used [0x00000000f8e00000,0x00000000fa4bbeb8,0x00000000fc700000)
  to   space 58368K, 0% used [0x00000000fc700000,0x00000000fc700000,0x0000000100000000)
 ParOldGen       total 131072K, used 130935K [0x00000000c0000000, 0x00000000c8000000, 0x00000000eab00000)
  object space 131072K, 99% used [0x00000000c0000000,0x00000000c7fddf00,0x00000000c8000000)
 Metaspace       used 6346K, capacity 7256K, committed 7424K, reserved 1056768K
  class space    used 611K, capacity 656K, committed 768K, reserved 1048576K
}
Event: 6.133 GC heap before
{Heap before GC invocations=10 (full 3):
 PSYoungGen      total 290816K, used 255727K [0x00000000eab00000, 0x0000000100000000, 0x0000000100000000)
  eden space 232448K, 100% used [0x00000000eab00000,0x00000000f8e00000,0x00000000f8e00000)
  from space 58368K, 39% used [0x00000000f8e00000,0x00000000fa4bbeb8,0x00000000fc700000)
  to   space 58368K, 0% used [0x00000000fc700000,0x00000000fc700000,0x0000000100000000)
 ParOldGen       total 131072K, used 130935K [0x00000000c0000000, 0x00000000c8000000, 0x00000000eab00000)
  object space 131072K, 99% used [0x00000000c0000000,0x00000000c7fddf00,0x00000000c8000000)
 Metaspace       used 6347K, capacity 7256K, committed 7424K, reserved 1056768K
  class space    used 611K, capacity 656K, committed 768K, reserved 1048576K
Event: 6.392 GC heap after
Heap after GC invocations=10 (full 3):
 PSYoungGen      total 290816K, used 19140K [0x00000000eab00000, 0x0000000100000000, 0x0000000100000000)
  eden space 232448K, 8% used [0x00000000eab00000,0x00000000ebdb1098,0x00000000f8e00000)
  from space 58368K, 0% used [0x00000000f8e00000,0x00000000f8e00000,0x00000000fc700000)
  to   space 58368K, 0% used [0x00000000fc700000,0x00000000fc700000,0x0000000100000000)
 ParOldGen       total 131072K, used 130782K [0x00000000c0000000, 0x00000000c8000000, 0x00000000eab00000)
  object space 131072K, 99% used [0x00000000c0000000,0x00000000c7fb7b38,0x00000000c8000000)
 Metaspace       used 6347K, capacity 7256K, committed 7424K, reserved 1056768K
  class space    used 611K, capacity 656K, committed 768K, reserved 1048576K
}
Event: 7.254 GC heap before
{Heap before GC invocations=11 (full 4):
 PSYoungGen      total 290816K, used 232448K [0x00000000eab00000, 0x0000000100000000, 0x0000000100000000)
  eden space 232448K, 100% used [0x00000000eab00000,0x00000000f8e00000,0x00000000f8e00000)
  from space 58368K, 0% used [0x00000000f8e00000,0x00000000f8e00000,0x00000000fc700000)
  to   space 58368K, 0% used [0x00000000fc700000,0x00000000fc700000,0x0000000100000000)
 ParOldGen       total 131072K, used 130782K [0x00000000c0000000, 0x00000000c8000000, 0x00000000eab00000)
  object space 131072K, 99% used [0x00000000c0000000,0x00000000c7fb7b38,0x00000000c8000000)
 Metaspace       used 6348K, capacity 7256K, committed 7424K, reserved 1056768K
  class space    used 611K, capacity 656K, committed 768K, reserved 1048576K
Event: 7.585 GC heap after
Heap after GC invocations=11 (full 4):
 PSYoungGen      total 290816K, used 29954K [0x00000000eab00000, 0x0000000100000000, 0x0000000100000000)
  eden space 232448K, 12% used [0x00000000eab00000,0x00000000ec8408b0,0x00000000f8e00000)
  from space 58368K, 0% used [0x00000000f8e00000,0x00000000f8e00000,0x00000000fc700000)
  to   space 58368K, 0% used [0x00000000fc700000,0x00000000fc700000,0x0000000100000000)
 ParOldGen       total 131072K, used 130833K [0x00000000c0000000, 0x00000000c8000000, 0x00000000eab00000)
  object space 131072K, 99% used [0x00000000c0000000,0x00000000c7fc4520,0x00000000c8000000)
 Metaspace       used 6348K, capacity 7256K, committed 7424K, reserved 1056768K
  class space    used 611K, capacity 656K, committed 768K, reserved 1048576K
}

